[2021/10/28 09:13:17] - Namespace(BNeval=True, affix='100exp', attack='pgd', attack_iters=10, batch_size=128, data='cifar100', data_dir='/home/lxb/datasets/cifar10', epochs=100, epsilon=8, fname='result_cvpr_sp1/ResNet18_eps8_bs128_maxlr0.1_wd0.0002_BNeval_100_cifar100_100exp', lr_max=0.1, lr_schedule='piecewise', lrdecay='base', model='ResNet18', norm='l_inf', optimizer='momentum', pgd_alpha=2.0, prefix='cvpr_sp1', restarts=1, resume=0, seed=0, test_epsilon=8, test_pgd_alpha=2, weight_decay=0.0002, width_factor=10)
[2021/10/28 09:13:21] - Epoch 	 lr 	 Train Acc 	 Train Robust Acc 	 Test Acc 	 Test Robust Acc
[2021/10/28 09:19:07] - 1 	 0.1000 	 0.0234 	 0.0173 	 0.0347 	 0.0326
[2021/10/28 09:25:02] - 2 	 0.1000 	 0.0485 	 0.0379 	 0.0479 	 0.0405
[2021/10/28 09:30:57] - 3 	 0.1000 	 0.0746 	 0.0555 	 0.0857 	 0.0657
[2021/10/28 09:36:53] - 4 	 0.1000 	 0.0998 	 0.0704 	 0.0903 	 0.0693
[2021/10/28 09:42:49] - 5 	 0.1000 	 0.1197 	 0.0799 	 0.1184 	 0.0868
[2021/10/28 09:48:46] - 6 	 0.1000 	 0.1469 	 0.0953 	 0.1549 	 0.1046
[2021/10/28 09:54:41] - 7 	 0.1000 	 0.1710 	 0.1070 	 0.1766 	 0.1236
[2021/10/28 10:00:37] - 8 	 0.1000 	 0.1942 	 0.1191 	 0.1919 	 0.1285
[2021/10/28 10:06:34] - 9 	 0.1000 	 0.2178 	 0.1323 	 0.2241 	 0.1464
[2021/10/28 10:12:29] - 10 	 0.1000 	 0.2380 	 0.1427 	 0.2191 	 0.1435
[2021/10/28 10:18:26] - 11 	 0.1000 	 0.2628 	 0.1547 	 0.2469 	 0.1591
[2021/10/28 10:24:23] - 12 	 0.1000 	 0.2794 	 0.1611 	 0.2531 	 0.1607
[2021/10/28 10:30:16] - 13 	 0.1000 	 0.2998 	 0.1705 	 0.2753 	 0.1663
[2021/10/28 10:36:11] - 14 	 0.1000 	 0.3139 	 0.1782 	 0.2619 	 0.1603
[2021/10/28 10:42:06] - 15 	 0.1000 	 0.3308 	 0.1841 	 0.2994 	 0.1809
[2021/10/28 10:48:01] - 16 	 0.1000 	 0.3458 	 0.1916 	 0.3121 	 0.1844
[2021/10/28 10:53:57] - 17 	 0.1000 	 0.3593 	 0.1996 	 0.3225 	 0.1854
[2021/10/28 10:59:54] - 18 	 0.1000 	 0.3714 	 0.2018 	 0.3409 	 0.1969
[2021/10/28 11:05:50] - 19 	 0.1000 	 0.3833 	 0.2095 	 0.3316 	 0.1891
[2021/10/28 11:11:46] - 20 	 0.1000 	 0.3952 	 0.2153 	 0.3691 	 0.2096
[2021/10/28 11:17:42] - 21 	 0.1000 	 0.4028 	 0.2185 	 0.3674 	 0.2051
[2021/10/28 11:23:39] - 22 	 0.1000 	 0.4120 	 0.2227 	 0.3648 	 0.2010
[2021/10/28 11:29:34] - 23 	 0.1000 	 0.4197 	 0.2267 	 0.3855 	 0.2236
[2021/10/28 11:35:30] - 24 	 0.1000 	 0.4339 	 0.2304 	 0.3845 	 0.2129
[2021/10/28 11:41:26] - 25 	 0.1000 	 0.4440 	 0.2374 	 0.3898 	 0.2142
[2021/10/28 11:47:21] - 26 	 0.1000 	 0.4502 	 0.2416 	 0.3877 	 0.2196
[2021/10/28 11:53:16] - 27 	 0.1000 	 0.4593 	 0.2433 	 0.3909 	 0.2083
[2021/10/28 11:59:13] - 28 	 0.1000 	 0.4668 	 0.2490 	 0.4103 	 0.2135
[2021/10/28 12:05:07] - 29 	 0.1000 	 0.4753 	 0.2521 	 0.4230 	 0.2287
[2021/10/28 12:11:00] - 30 	 0.1000 	 0.4848 	 0.2570 	 0.3926 	 0.2165
[2021/10/28 12:16:54] - 31 	 0.1000 	 0.4913 	 0.2602 	 0.4129 	 0.2192
[2021/10/28 12:22:48] - 32 	 0.1000 	 0.4965 	 0.2600 	 0.4020 	 0.2125
[2021/10/28 12:28:40] - 33 	 0.1000 	 0.5034 	 0.2660 	 0.4118 	 0.2182
[2021/10/28 12:34:31] - 34 	 0.1000 	 0.5093 	 0.2685 	 0.4066 	 0.2187
[2021/10/28 12:40:22] - 35 	 0.1000 	 0.5183 	 0.2723 	 0.4150 	 0.2266
[2021/10/28 12:46:14] - 36 	 0.1000 	 0.5239 	 0.2744 	 0.4131 	 0.2195
[2021/10/28 12:52:10] - 37 	 0.1000 	 0.5282 	 0.2761 	 0.4233 	 0.2206
[2021/10/28 12:58:02] - 38 	 0.1000 	 0.5362 	 0.2800 	 0.4223 	 0.2197
[2021/10/28 13:03:54] - 39 	 0.1000 	 0.5417 	 0.2835 	 0.4444 	 0.2364
[2021/10/28 13:09:47] - 40 	 0.1000 	 0.5453 	 0.2854 	 0.4027 	 0.2024
[2021/10/28 13:15:40] - 41 	 0.1000 	 0.5517 	 0.2889 	 0.4407 	 0.2372
[2021/10/28 13:21:34] - 42 	 0.1000 	 0.5566 	 0.2913 	 0.4418 	 0.2354
[2021/10/28 13:27:29] - 43 	 0.1000 	 0.5619 	 0.2939 	 0.4438 	 0.2250
[2021/10/28 13:33:20] - 44 	 0.1000 	 0.5710 	 0.2979 	 0.4411 	 0.2251
[2021/10/28 13:39:14] - 45 	 0.1000 	 0.5708 	 0.2984 	 0.4459 	 0.2257
[2021/10/28 13:45:08] - 46 	 0.1000 	 0.5814 	 0.3036 	 0.4450 	 0.2288
[2021/10/28 13:50:59] - 47 	 0.1000 	 0.5797 	 0.3041 	 0.4617 	 0.2315
[2021/10/28 13:56:54] - 48 	 0.1000 	 0.5872 	 0.3059 	 0.4532 	 0.2300
[2021/10/28 14:02:49] - 49 	 0.1000 	 0.5904 	 0.3069 	 0.4373 	 0.2295
[2021/10/28 14:08:44] - 50 	 0.1000 	 0.5954 	 0.3114 	 0.4461 	 0.2365
[2021/10/28 14:14:38] - 51 	 0.1000 	 0.5985 	 0.3128 	 0.4656 	 0.2333
[2021/10/28 14:20:30] - 52 	 0.1000 	 0.6044 	 0.3139 	 0.4533 	 0.2290
[2021/10/28 14:26:24] - 53 	 0.1000 	 0.6091 	 0.3178 	 0.4337 	 0.2242
[2021/10/28 14:32:19] - 54 	 0.1000 	 0.6109 	 0.3155 	 0.4563 	 0.2340
[2021/10/28 14:38:11] - 55 	 0.1000 	 0.6140 	 0.3161 	 0.4573 	 0.2305
[2021/10/28 14:44:05] - 56 	 0.1000 	 0.6189 	 0.3222 	 0.4401 	 0.2269
[2021/10/28 14:49:59] - 57 	 0.1000 	 0.6254 	 0.3252 	 0.4605 	 0.2307
[2021/10/28 14:55:51] - 58 	 0.1000 	 0.6302 	 0.3283 	 0.4611 	 0.2344
[2021/10/28 15:01:45] - 59 	 0.1000 	 0.6328 	 0.3292 	 0.4696 	 0.2389
[2021/10/28 15:07:39] - 60 	 0.1000 	 0.6395 	 0.3314 	 0.4527 	 0.2248
[2021/10/28 15:13:29] - 61 	 0.1000 	 0.6387 	 0.3294 	 0.4387 	 0.2166
[2021/10/28 15:19:18] - 62 	 0.1000 	 0.6438 	 0.3362 	 0.4515 	 0.2350
[2021/10/28 15:25:12] - 63 	 0.1000 	 0.6452 	 0.3332 	 0.4678 	 0.2251
[2021/10/28 15:31:08] - 64 	 0.1000 	 0.6463 	 0.3336 	 0.4630 	 0.2352
[2021/10/28 15:37:06] - 65 	 0.1000 	 0.6521 	 0.3353 	 0.4639 	 0.2306
[2021/10/28 15:43:02] - 66 	 0.1000 	 0.6565 	 0.3389 	 0.4666 	 0.2275
[2021/10/28 15:49:00] - 67 	 0.1000 	 0.6587 	 0.3410 	 0.4601 	 0.2247
[2021/10/28 15:54:57] - 68 	 0.1000 	 0.6627 	 0.3428 	 0.4643 	 0.2291
[2021/10/28 16:00:54] - 69 	 0.1000 	 0.6646 	 0.3451 	 0.4636 	 0.2194
[2021/10/28 16:06:50] - 70 	 0.1000 	 0.6628 	 0.3440 	 0.4621 	 0.2206
[2021/10/28 16:12:46] - 71 	 0.1000 	 0.6731 	 0.3437 	 0.4539 	 0.2282
[2021/10/28 16:18:43] - 72 	 0.1000 	 0.6733 	 0.3467 	 0.4663 	 0.2265
[2021/10/28 16:24:39] - 73 	 0.1000 	 0.6741 	 0.3452 	 0.4465 	 0.2254
[2021/10/28 16:30:36] - 74 	 0.1000 	 0.6772 	 0.3503 	 0.4665 	 0.2287
[2021/10/28 16:36:33] - 75 	 0.0100 	 0.7576 	 0.4835 	 0.5571 	 0.2765
[2021/10/28 16:42:30] - 76 	 0.0100 	 0.7949 	 0.5202 	 0.5657 	 0.2718
[2021/10/28 16:48:27] - 77 	 0.0100 	 0.8127 	 0.5373 	 0.5605 	 0.2692
[2021/10/28 16:54:24] - 78 	 0.0100 	 0.8264 	 0.5483 	 0.5599 	 0.2670
[2021/10/28 17:00:19] - 79 	 0.0100 	 0.8382 	 0.5610 	 0.5641 	 0.2619
[2021/10/28 17:06:13] - 80 	 0.0100 	 0.8486 	 0.5677 	 0.5588 	 0.2602
[2021/10/28 17:12:10] - 81 	 0.0100 	 0.8582 	 0.5774 	 0.5607 	 0.2592
[2021/10/28 17:18:07] - 82 	 0.0100 	 0.8653 	 0.5875 	 0.5650 	 0.2554
[2021/10/28 17:24:04] - 83 	 0.0100 	 0.8709 	 0.5918 	 0.5624 	 0.2547
[2021/10/28 17:29:58] - 84 	 0.0100 	 0.8797 	 0.6006 	 0.5543 	 0.2531
[2021/10/28 17:35:54] - 85 	 0.0100 	 0.8860 	 0.6101 	 0.5597 	 0.2483
[2021/10/28 17:41:51] - 86 	 0.0100 	 0.8914 	 0.6154 	 0.5614 	 0.2504
[2021/10/28 17:47:49] - 87 	 0.0100 	 0.8998 	 0.6224 	 0.5583 	 0.2437
[2021/10/28 17:53:46] - 88 	 0.0100 	 0.9035 	 0.6297 	 0.5533 	 0.2425
[2021/10/28 17:59:44] - 89 	 0.0100 	 0.9082 	 0.6320 	 0.5565 	 0.2406
[2021/10/28 18:05:37] - 90 	 0.0010 	 0.9222 	 0.6941 	 0.5727 	 0.2465
[2021/10/28 18:11:33] - 91 	 0.0010 	 0.9267 	 0.7076 	 0.5684 	 0.2465
[2021/10/28 18:17:30] - 92 	 0.0010 	 0.9291 	 0.7103 	 0.5711 	 0.2465
[2021/10/28 18:23:27] - 93 	 0.0010 	 0.9312 	 0.7116 	 0.5728 	 0.2436
[2021/10/28 18:29:25] - 94 	 0.0010 	 0.9316 	 0.7146 	 0.5683 	 0.2452
[2021/10/28 18:35:21] - 95 	 0.0010 	 0.9340 	 0.7158 	 0.5722 	 0.2459
[2021/10/28 18:41:19] - 96 	 0.0010 	 0.9339 	 0.7190 	 0.5733 	 0.2453
[2021/10/28 18:47:16] - 97 	 0.0010 	 0.9353 	 0.7200 	 0.5701 	 0.2441
[2021/10/28 18:53:08] - 98 	 0.0010 	 0.9363 	 0.7235 	 0.5727 	 0.2434
[2021/10/28 18:59:02] - 99 	 0.0010 	 0.9382 	 0.7234 	 0.5727 	 0.2454
[2021/10/28 19:04:58] - 100 	 0.0010 	 0.9387 	 0.7243 	 0.5704 	 0.2436

