Namespace(batch_size=128, beta=6.0, epochs=100, epsilon=0.03137254901960784, log_interval=100, lr=0.1, model_dir='./results_sp/cifar100-ResNet-eps8-wd2-100exp-100', momentum=0.9, no_cuda=False, num_steps=10, save_freq=1, seed=1, step_size=0.00784313725490196, test_batch_size=128, weight_decay=0.0002)
Files already downloaded and verified
Files already downloaded and verified
Train Epoch: 1 [0/50000 (0%)]	Loss: 105.416374
Train Epoch: 1 [12800/50000 (26%)]	Loss: 104.691788
Train Epoch: 1 [25600/50000 (51%)]	Loss: 104.658203
Train Epoch: 1 [38400/50000 (77%)]	Loss: 104.587616
================================================================
epoch:	1	lr:	0.1	test loss:	4.519803732299804	test_acc:	0.0342
================================================================
Train Epoch: 2 [0/50000 (0%)]	Loss: 104.532440
Train Epoch: 2 [12800/50000 (26%)]	Loss: 104.536942
Train Epoch: 2 [25600/50000 (51%)]	Loss: 104.471809
Train Epoch: 2 [38400/50000 (77%)]	Loss: 104.290504
================================================================
epoch:	2	lr:	0.1	test loss:	4.32869084777832	test_acc:	0.0435
================================================================
Train Epoch: 3 [0/50000 (0%)]	Loss: 104.317108
Train Epoch: 3 [12800/50000 (26%)]	Loss: 104.231880
Train Epoch: 3 [25600/50000 (51%)]	Loss: 104.192680
Train Epoch: 3 [38400/50000 (77%)]	Loss: 104.173126
================================================================
epoch:	3	lr:	0.1	test loss:	4.154882202911377	test_acc:	0.0802
================================================================
Train Epoch: 4 [0/50000 (0%)]	Loss: 104.136208
Train Epoch: 4 [12800/50000 (26%)]	Loss: 104.139664
Train Epoch: 4 [25600/50000 (51%)]	Loss: 104.320732
Train Epoch: 4 [38400/50000 (77%)]	Loss: 103.967087
================================================================
epoch:	4	lr:	0.1	test loss:	4.0937258270263674	test_acc:	0.0891
================================================================
Train Epoch: 5 [0/50000 (0%)]	Loss: 104.044220
Train Epoch: 5 [12800/50000 (26%)]	Loss: 103.977997
Train Epoch: 5 [25600/50000 (51%)]	Loss: 103.927956
Train Epoch: 5 [38400/50000 (77%)]	Loss: 103.902802
================================================================
epoch:	5	lr:	0.1	test loss:	3.992460674285889	test_acc:	0.102
================================================================
Train Epoch: 6 [0/50000 (0%)]	Loss: 103.890076
Train Epoch: 6 [12800/50000 (26%)]	Loss: 103.772148
Train Epoch: 6 [25600/50000 (51%)]	Loss: 103.693115
Train Epoch: 6 [38400/50000 (77%)]	Loss: 103.640236
================================================================
epoch:	6	lr:	0.1	test loss:	3.902128722000122	test_acc:	0.1208
================================================================
Train Epoch: 7 [0/50000 (0%)]	Loss: 103.541336
Train Epoch: 7 [12800/50000 (26%)]	Loss: 103.586403
Train Epoch: 7 [25600/50000 (51%)]	Loss: 103.715790
Train Epoch: 7 [38400/50000 (77%)]	Loss: 103.703468
================================================================
epoch:	7	lr:	0.1	test loss:	3.8355752933502196	test_acc:	0.1285
================================================================
Train Epoch: 8 [0/50000 (0%)]	Loss: 103.781601
Train Epoch: 8 [12800/50000 (26%)]	Loss: 103.527794
Train Epoch: 8 [25600/50000 (51%)]	Loss: 103.689255
Train Epoch: 8 [38400/50000 (77%)]	Loss: 103.813332
================================================================
epoch:	8	lr:	0.1	test loss:	3.7614276100158692	test_acc:	0.1297
================================================================
Train Epoch: 9 [0/50000 (0%)]	Loss: 103.655319
Train Epoch: 9 [12800/50000 (26%)]	Loss: 103.644287
Train Epoch: 9 [25600/50000 (51%)]	Loss: 103.457939
Train Epoch: 9 [38400/50000 (77%)]	Loss: 103.526802
================================================================
epoch:	9	lr:	0.1	test loss:	3.748715110015869	test_acc:	0.1462
================================================================
Train Epoch: 10 [0/50000 (0%)]	Loss: 103.826561
Train Epoch: 10 [12800/50000 (26%)]	Loss: 103.418213
Train Epoch: 10 [25600/50000 (51%)]	Loss: 103.313293
Train Epoch: 10 [38400/50000 (77%)]	Loss: 103.488564
================================================================
epoch:	10	lr:	0.1	test loss:	3.7019915351867674	test_acc:	0.1515
================================================================
Train Epoch: 11 [0/50000 (0%)]	Loss: 103.558388
Train Epoch: 11 [12800/50000 (26%)]	Loss: 103.478569
Train Epoch: 11 [25600/50000 (51%)]	Loss: 103.304337
Train Epoch: 11 [38400/50000 (77%)]	Loss: 103.490799
================================================================
epoch:	11	lr:	0.1	test loss:	3.6651983322143553	test_acc:	0.1576
================================================================
Train Epoch: 12 [0/50000 (0%)]	Loss: 103.421410
Train Epoch: 12 [12800/50000 (26%)]	Loss: 103.240349
Train Epoch: 12 [25600/50000 (51%)]	Loss: 103.348190
Train Epoch: 12 [38400/50000 (77%)]	Loss: 103.245789
================================================================
epoch:	12	lr:	0.1	test loss:	3.648303900909424	test_acc:	0.1544
================================================================
Train Epoch: 13 [0/50000 (0%)]	Loss: 103.251007
Train Epoch: 13 [12800/50000 (26%)]	Loss: 103.266022
Train Epoch: 13 [25600/50000 (51%)]	Loss: 103.510559
Train Epoch: 13 [38400/50000 (77%)]	Loss: 103.306168
================================================================
epoch:	13	lr:	0.1	test loss:	3.556229530334473	test_acc:	0.1746
================================================================
Train Epoch: 14 [0/50000 (0%)]	Loss: 103.338783
Train Epoch: 14 [12800/50000 (26%)]	Loss: 103.280846
Train Epoch: 14 [25600/50000 (51%)]	Loss: 103.279465
Train Epoch: 14 [38400/50000 (77%)]	Loss: 103.323753
================================================================
epoch:	14	lr:	0.1	test loss:	3.529149641799927	test_acc:	0.184
================================================================
Train Epoch: 15 [0/50000 (0%)]	Loss: 103.259407
Train Epoch: 15 [12800/50000 (26%)]	Loss: 103.311554
Train Epoch: 15 [25600/50000 (51%)]	Loss: 103.340622
Train Epoch: 15 [38400/50000 (77%)]	Loss: 103.232498
================================================================
epoch:	15	lr:	0.1	test loss:	3.5049902935028077	test_acc:	0.1918
================================================================
Train Epoch: 16 [0/50000 (0%)]	Loss: 103.065170
Train Epoch: 16 [12800/50000 (26%)]	Loss: 103.165588
Train Epoch: 16 [25600/50000 (51%)]	Loss: 103.458618
Train Epoch: 16 [38400/50000 (77%)]	Loss: 103.098251
================================================================
epoch:	16	lr:	0.1	test loss:	3.5204072631835936	test_acc:	0.1839
================================================================
Train Epoch: 17 [0/50000 (0%)]	Loss: 103.200256
Train Epoch: 17 [12800/50000 (26%)]	Loss: 103.055901
Train Epoch: 17 [25600/50000 (51%)]	Loss: 103.211304
Train Epoch: 17 [38400/50000 (77%)]	Loss: 103.077446
================================================================
epoch:	17	lr:	0.1	test loss:	3.506862519836426	test_acc:	0.1823
================================================================
Train Epoch: 18 [0/50000 (0%)]	Loss: 103.387955
Train Epoch: 18 [12800/50000 (26%)]	Loss: 103.025093
Train Epoch: 18 [25600/50000 (51%)]	Loss: 103.258102
Train Epoch: 18 [38400/50000 (77%)]	Loss: 103.035538
================================================================
epoch:	18	lr:	0.1	test loss:	3.5182128635406493	test_acc:	0.185
================================================================
Train Epoch: 19 [0/50000 (0%)]	Loss: 102.881607
Train Epoch: 19 [12800/50000 (26%)]	Loss: 103.058235
Train Epoch: 19 [25600/50000 (51%)]	Loss: 103.245995
Train Epoch: 19 [38400/50000 (77%)]	Loss: 102.973091
================================================================
epoch:	19	lr:	0.1	test loss:	3.490777459335327	test_acc:	0.1936
================================================================
Train Epoch: 20 [0/50000 (0%)]	Loss: 103.296478
Train Epoch: 20 [12800/50000 (26%)]	Loss: 103.043221
Train Epoch: 20 [25600/50000 (51%)]	Loss: 103.041222
Train Epoch: 20 [38400/50000 (77%)]	Loss: 103.221779
================================================================
epoch:	20	lr:	0.1	test loss:	3.525192699813843	test_acc:	0.188
================================================================
Train Epoch: 21 [0/50000 (0%)]	Loss: 103.151558
Train Epoch: 21 [12800/50000 (26%)]	Loss: 103.089920
Train Epoch: 21 [25600/50000 (51%)]	Loss: 103.172173
Train Epoch: 21 [38400/50000 (77%)]	Loss: 103.189606
================================================================
epoch:	21	lr:	0.1	test loss:	3.4513669578552246	test_acc:	0.2012
================================================================
Train Epoch: 22 [0/50000 (0%)]	Loss: 102.926720
Train Epoch: 22 [12800/50000 (26%)]	Loss: 102.881348
Train Epoch: 22 [25600/50000 (51%)]	Loss: 103.032112
Train Epoch: 22 [38400/50000 (77%)]	Loss: 103.220810
================================================================
epoch:	22	lr:	0.1	test loss:	3.456122816848755	test_acc:	0.2019
================================================================
Train Epoch: 23 [0/50000 (0%)]	Loss: 103.138931
Train Epoch: 23 [12800/50000 (26%)]	Loss: 103.176498
Train Epoch: 23 [25600/50000 (51%)]	Loss: 103.230469
Train Epoch: 23 [38400/50000 (77%)]	Loss: 102.982361
================================================================
epoch:	23	lr:	0.1	test loss:	3.446187002944946	test_acc:	0.194
================================================================
Train Epoch: 24 [0/50000 (0%)]	Loss: 102.930382
Train Epoch: 24 [12800/50000 (26%)]	Loss: 103.214981
Train Epoch: 24 [25600/50000 (51%)]	Loss: 103.024284
Train Epoch: 24 [38400/50000 (77%)]	Loss: 103.193459
================================================================
epoch:	24	lr:	0.1	test loss:	3.4771657367706297	test_acc:	0.1921
================================================================
Train Epoch: 25 [0/50000 (0%)]	Loss: 103.019264
Train Epoch: 25 [12800/50000 (26%)]	Loss: 102.993439
Train Epoch: 25 [25600/50000 (51%)]	Loss: 103.052841
Train Epoch: 25 [38400/50000 (77%)]	Loss: 103.254295
================================================================
epoch:	25	lr:	0.1	test loss:	3.4537514533996583	test_acc:	0.1971
================================================================
Train Epoch: 26 [0/50000 (0%)]	Loss: 102.988716
Train Epoch: 26 [12800/50000 (26%)]	Loss: 103.153435
Train Epoch: 26 [25600/50000 (51%)]	Loss: 103.370750
Train Epoch: 26 [38400/50000 (77%)]	Loss: 103.071335
================================================================
epoch:	26	lr:	0.1	test loss:	3.474840403366089	test_acc:	0.2001
================================================================
Train Epoch: 27 [0/50000 (0%)]	Loss: 102.896042
Train Epoch: 27 [12800/50000 (26%)]	Loss: 102.972023
Train Epoch: 27 [25600/50000 (51%)]	Loss: 103.110260
Train Epoch: 27 [38400/50000 (77%)]	Loss: 102.948975
================================================================
epoch:	27	lr:	0.1	test loss:	3.462133128738403	test_acc:	0.2012
================================================================
Train Epoch: 28 [0/50000 (0%)]	Loss: 102.715607
Train Epoch: 28 [12800/50000 (26%)]	Loss: 102.967575
Train Epoch: 28 [25600/50000 (51%)]	Loss: 102.834572
Train Epoch: 28 [38400/50000 (77%)]	Loss: 103.037788
================================================================
epoch:	28	lr:	0.1	test loss:	3.3755687507629393	test_acc:	0.2168
================================================================
Train Epoch: 29 [0/50000 (0%)]	Loss: 102.771156
Train Epoch: 29 [12800/50000 (26%)]	Loss: 103.003319
Train Epoch: 29 [25600/50000 (51%)]	Loss: 103.091652
Train Epoch: 29 [38400/50000 (77%)]	Loss: 103.140602
================================================================
epoch:	29	lr:	0.1	test loss:	3.5302421688079835	test_acc:	0.1862
================================================================
Train Epoch: 30 [0/50000 (0%)]	Loss: 102.850029
Train Epoch: 30 [12800/50000 (26%)]	Loss: 102.919548
Train Epoch: 30 [25600/50000 (51%)]	Loss: 102.921684
Train Epoch: 30 [38400/50000 (77%)]	Loss: 102.947426
================================================================
epoch:	30	lr:	0.1	test loss:	3.4084068767547606	test_acc:	0.2186
================================================================
Train Epoch: 31 [0/50000 (0%)]	Loss: 103.107597
Train Epoch: 31 [12800/50000 (26%)]	Loss: 102.730240
Train Epoch: 31 [25600/50000 (51%)]	Loss: 102.894455
Train Epoch: 31 [38400/50000 (77%)]	Loss: 103.090485
================================================================
epoch:	31	lr:	0.1	test loss:	3.399584058761597	test_acc:	0.2207
================================================================
Train Epoch: 32 [0/50000 (0%)]	Loss: 102.894539
Train Epoch: 32 [12800/50000 (26%)]	Loss: 102.842453
Train Epoch: 32 [25600/50000 (51%)]	Loss: 102.906113
Train Epoch: 32 [38400/50000 (77%)]	Loss: 103.146103
================================================================
epoch:	32	lr:	0.1	test loss:	3.4293106456756592	test_acc:	0.2181
================================================================
Train Epoch: 33 [0/50000 (0%)]	Loss: 102.647522
Train Epoch: 33 [12800/50000 (26%)]	Loss: 102.921898
Train Epoch: 33 [25600/50000 (51%)]	Loss: 102.751152
Train Epoch: 33 [38400/50000 (77%)]	Loss: 103.107742
================================================================
epoch:	33	lr:	0.1	test loss:	3.406752096557617	test_acc:	0.2168
================================================================
Train Epoch: 34 [0/50000 (0%)]	Loss: 102.873764
Train Epoch: 34 [12800/50000 (26%)]	Loss: 102.879761
Train Epoch: 34 [25600/50000 (51%)]	Loss: 102.926643
Train Epoch: 34 [38400/50000 (77%)]	Loss: 102.786827
================================================================
epoch:	34	lr:	0.1	test loss:	3.400671963119507	test_acc:	0.2152
================================================================
Train Epoch: 35 [0/50000 (0%)]	Loss: 102.885712
Train Epoch: 35 [12800/50000 (26%)]	Loss: 102.673111
Train Epoch: 35 [25600/50000 (51%)]	Loss: 102.868225
Train Epoch: 35 [38400/50000 (77%)]	Loss: 102.820648
================================================================
epoch:	35	lr:	0.1	test loss:	3.4317212284088137	test_acc:	0.2079
================================================================
Train Epoch: 36 [0/50000 (0%)]	Loss: 102.863655
Train Epoch: 36 [12800/50000 (26%)]	Loss: 102.657303
Train Epoch: 36 [25600/50000 (51%)]	Loss: 102.869774
Train Epoch: 36 [38400/50000 (77%)]	Loss: 102.941978
================================================================
epoch:	36	lr:	0.1	test loss:	3.4400787406921385	test_acc:	0.2038
================================================================
Train Epoch: 37 [0/50000 (0%)]	Loss: 102.805023
Train Epoch: 37 [12800/50000 (26%)]	Loss: 102.703590
Train Epoch: 37 [25600/50000 (51%)]	Loss: 102.984680
Train Epoch: 37 [38400/50000 (77%)]	Loss: 102.873299
================================================================
epoch:	37	lr:	0.1	test loss:	3.41624154548645	test_acc:	0.21
================================================================
Train Epoch: 38 [0/50000 (0%)]	Loss: 102.917686
Train Epoch: 38 [12800/50000 (26%)]	Loss: 102.746513
Train Epoch: 38 [25600/50000 (51%)]	Loss: 102.835648
Train Epoch: 38 [38400/50000 (77%)]	Loss: 102.739212
================================================================
epoch:	38	lr:	0.1	test loss:	3.3986464454650878	test_acc:	0.2119
================================================================
Train Epoch: 39 [0/50000 (0%)]	Loss: 102.670135
Train Epoch: 39 [12800/50000 (26%)]	Loss: 102.781952
Train Epoch: 39 [25600/50000 (51%)]	Loss: 102.846176
Train Epoch: 39 [38400/50000 (77%)]	Loss: 102.937927
================================================================
epoch:	39	lr:	0.1	test loss:	3.4292665046691893	test_acc:	0.2032
================================================================
Train Epoch: 40 [0/50000 (0%)]	Loss: 102.735985
Train Epoch: 40 [12800/50000 (26%)]	Loss: 102.884781
Train Epoch: 40 [25600/50000 (51%)]	Loss: 102.860390
Train Epoch: 40 [38400/50000 (77%)]	Loss: 102.757988
================================================================
epoch:	40	lr:	0.1	test loss:	3.3946424003601074	test_acc:	0.2146
================================================================
Train Epoch: 41 [0/50000 (0%)]	Loss: 102.749847
Train Epoch: 41 [12800/50000 (26%)]	Loss: 102.934692
Train Epoch: 41 [25600/50000 (51%)]	Loss: 102.645035
Train Epoch: 41 [38400/50000 (77%)]	Loss: 102.736252
================================================================
epoch:	41	lr:	0.1	test loss:	3.3915569972991944	test_acc:	0.2172
================================================================
Train Epoch: 42 [0/50000 (0%)]	Loss: 102.660706
Train Epoch: 42 [12800/50000 (26%)]	Loss: 102.645203
Train Epoch: 42 [25600/50000 (51%)]	Loss: 102.780602
Train Epoch: 42 [38400/50000 (77%)]	Loss: 102.760124
================================================================
epoch:	42	lr:	0.1	test loss:	3.388078959274292	test_acc:	0.2107
================================================================
Train Epoch: 43 [0/50000 (0%)]	Loss: 102.681023
Train Epoch: 43 [12800/50000 (26%)]	Loss: 102.929070
Train Epoch: 43 [25600/50000 (51%)]	Loss: 102.743416
Train Epoch: 43 [38400/50000 (77%)]	Loss: 102.863609
================================================================
epoch:	43	lr:	0.1	test loss:	3.4802158809661865	test_acc:	0.1976
================================================================
Train Epoch: 44 [0/50000 (0%)]	Loss: 102.910378
Train Epoch: 44 [12800/50000 (26%)]	Loss: 102.672043
Train Epoch: 44 [25600/50000 (51%)]	Loss: 102.773232
Train Epoch: 44 [38400/50000 (77%)]	Loss: 102.700012
================================================================
epoch:	44	lr:	0.1	test loss:	3.3664379737854	test_acc:	0.2231
================================================================
Train Epoch: 45 [0/50000 (0%)]	Loss: 102.659523
Train Epoch: 45 [12800/50000 (26%)]	Loss: 102.841743
Train Epoch: 45 [25600/50000 (51%)]	Loss: 103.071533
Train Epoch: 45 [38400/50000 (77%)]	Loss: 102.808495
================================================================
epoch:	45	lr:	0.1	test loss:	3.43710658454895	test_acc:	0.2059
================================================================
Train Epoch: 46 [0/50000 (0%)]	Loss: 102.560936
Train Epoch: 46 [12800/50000 (26%)]	Loss: 102.846565
Train Epoch: 46 [25600/50000 (51%)]	Loss: 102.739197
Train Epoch: 46 [38400/50000 (77%)]	Loss: 102.894089
================================================================
epoch:	46	lr:	0.1	test loss:	3.4134196556091307	test_acc:	0.2108
================================================================
Train Epoch: 47 [0/50000 (0%)]	Loss: 102.783844
Train Epoch: 47 [12800/50000 (26%)]	Loss: 102.849350
Train Epoch: 47 [25600/50000 (51%)]	Loss: 102.650124
Train Epoch: 47 [38400/50000 (77%)]	Loss: 102.672180
================================================================
epoch:	47	lr:	0.1	test loss:	3.3797231857299805	test_acc:	0.2221
================================================================
Train Epoch: 48 [0/50000 (0%)]	Loss: 102.709526
Train Epoch: 48 [12800/50000 (26%)]	Loss: 102.745911
Train Epoch: 48 [25600/50000 (51%)]	Loss: 102.860756
Train Epoch: 48 [38400/50000 (77%)]	Loss: 102.989914
================================================================
epoch:	48	lr:	0.1	test loss:	3.4117383041381837	test_acc:	0.2199
================================================================
Train Epoch: 49 [0/50000 (0%)]	Loss: 102.707085
Train Epoch: 49 [12800/50000 (26%)]	Loss: 102.834076
Train Epoch: 49 [25600/50000 (51%)]	Loss: 102.750748
Train Epoch: 49 [38400/50000 (77%)]	Loss: 102.808151
================================================================
epoch:	49	lr:	0.1	test loss:	3.3931409282684326	test_acc:	0.2261
================================================================
Train Epoch: 50 [0/50000 (0%)]	Loss: 102.737617
Train Epoch: 50 [12800/50000 (26%)]	Loss: 102.623711
Train Epoch: 50 [25600/50000 (51%)]	Loss: 102.886673
Train Epoch: 50 [38400/50000 (77%)]	Loss: 102.915771
================================================================
epoch:	50	lr:	0.1	test loss:	3.391860673904419	test_acc:	0.2161
================================================================
Train Epoch: 51 [0/50000 (0%)]	Loss: 102.769806
Train Epoch: 51 [12800/50000 (26%)]	Loss: 102.622421
Train Epoch: 51 [25600/50000 (51%)]	Loss: 102.714973
Train Epoch: 51 [38400/50000 (77%)]	Loss: 102.673401
================================================================
epoch:	51	lr:	0.1	test loss:	3.3730019588470457	test_acc:	0.2225
================================================================
Train Epoch: 52 [0/50000 (0%)]	Loss: 102.651794
Train Epoch: 52 [12800/50000 (26%)]	Loss: 102.724464
Train Epoch: 52 [25600/50000 (51%)]	Loss: 102.796089
Train Epoch: 52 [38400/50000 (77%)]	Loss: 102.683212
================================================================
epoch:	52	lr:	0.1	test loss:	3.3757889373779295	test_acc:	0.2229
================================================================
Train Epoch: 53 [0/50000 (0%)]	Loss: 102.626205
Train Epoch: 53 [12800/50000 (26%)]	Loss: 102.717140
Train Epoch: 53 [25600/50000 (51%)]	Loss: 102.770271
Train Epoch: 53 [38400/50000 (77%)]	Loss: 102.815239
================================================================
epoch:	53	lr:	0.1	test loss:	3.451695615005493	test_acc:	0.2087
================================================================
Train Epoch: 54 [0/50000 (0%)]	Loss: 102.678116
Train Epoch: 54 [12800/50000 (26%)]	Loss: 102.728531
Train Epoch: 54 [25600/50000 (51%)]	Loss: 102.646660
Train Epoch: 54 [38400/50000 (77%)]	Loss: 102.609703
================================================================
epoch:	54	lr:	0.1	test loss:	3.360050080490112	test_acc:	0.2249
================================================================
Train Epoch: 55 [0/50000 (0%)]	Loss: 102.615166
Train Epoch: 55 [12800/50000 (26%)]	Loss: 102.866463
Train Epoch: 55 [25600/50000 (51%)]	Loss: 102.801430
Train Epoch: 55 [38400/50000 (77%)]	Loss: 102.638786
================================================================
epoch:	55	lr:	0.1	test loss:	3.3604095474243163	test_acc:	0.2278
================================================================
Train Epoch: 56 [0/50000 (0%)]	Loss: 102.579033
Train Epoch: 56 [12800/50000 (26%)]	Loss: 102.461212
Train Epoch: 56 [25600/50000 (51%)]	Loss: 102.754608
Train Epoch: 56 [38400/50000 (77%)]	Loss: 102.614746
================================================================
epoch:	56	lr:	0.1	test loss:	3.4408129611968996	test_acc:	0.2116
================================================================
Train Epoch: 57 [0/50000 (0%)]	Loss: 102.574516
Train Epoch: 57 [12800/50000 (26%)]	Loss: 102.693062
Train Epoch: 57 [25600/50000 (51%)]	Loss: 102.760323
Train Epoch: 57 [38400/50000 (77%)]	Loss: 102.714218
================================================================
epoch:	57	lr:	0.1	test loss:	3.3957640888214113	test_acc:	0.2149
================================================================
Train Epoch: 58 [0/50000 (0%)]	Loss: 102.811974
Train Epoch: 58 [12800/50000 (26%)]	Loss: 102.601120
Train Epoch: 58 [25600/50000 (51%)]	Loss: 102.866013
Train Epoch: 58 [38400/50000 (77%)]	Loss: 102.660965
================================================================
epoch:	58	lr:	0.1	test loss:	3.321546635055542	test_acc:	0.2369
================================================================
Train Epoch: 59 [0/50000 (0%)]	Loss: 102.550339
Train Epoch: 59 [12800/50000 (26%)]	Loss: 102.638565
Train Epoch: 59 [25600/50000 (51%)]	Loss: 102.709358
Train Epoch: 59 [38400/50000 (77%)]	Loss: 102.601814
================================================================
epoch:	59	lr:	0.1	test loss:	3.374087607574463	test_acc:	0.223
================================================================
Train Epoch: 60 [0/50000 (0%)]	Loss: 102.353119
Train Epoch: 60 [12800/50000 (26%)]	Loss: 102.697815
Train Epoch: 60 [25600/50000 (51%)]	Loss: 102.624290
Train Epoch: 60 [38400/50000 (77%)]	Loss: 102.646393
================================================================
epoch:	60	lr:	0.1	test loss:	3.350649151229858	test_acc:	0.2204
================================================================
Train Epoch: 61 [0/50000 (0%)]	Loss: 102.715424
Train Epoch: 61 [12800/50000 (26%)]	Loss: 102.709915
Train Epoch: 61 [25600/50000 (51%)]	Loss: 102.612823
Train Epoch: 61 [38400/50000 (77%)]	Loss: 102.489021
================================================================
epoch:	61	lr:	0.1	test loss:	3.355809777832031	test_acc:	0.2181
================================================================
Train Epoch: 62 [0/50000 (0%)]	Loss: 102.574234
Train Epoch: 62 [12800/50000 (26%)]	Loss: 102.548882
Train Epoch: 62 [25600/50000 (51%)]	Loss: 102.517441
Train Epoch: 62 [38400/50000 (77%)]	Loss: 102.643333
================================================================
epoch:	62	lr:	0.1	test loss:	3.4404824165344237	test_acc:	0.2149
================================================================
Train Epoch: 63 [0/50000 (0%)]	Loss: 102.545761
Train Epoch: 63 [12800/50000 (26%)]	Loss: 102.776955
Train Epoch: 63 [25600/50000 (51%)]	Loss: 102.681816
Train Epoch: 63 [38400/50000 (77%)]	Loss: 102.672363
================================================================
epoch:	63	lr:	0.1	test loss:	3.41951887550354	test_acc:	0.2195
================================================================
Train Epoch: 64 [0/50000 (0%)]	Loss: 102.710739
Train Epoch: 64 [12800/50000 (26%)]	Loss: 102.825905
Train Epoch: 64 [25600/50000 (51%)]	Loss: 102.651299
Train Epoch: 64 [38400/50000 (77%)]	Loss: 102.845406
================================================================
epoch:	64	lr:	0.1	test loss:	3.391550897216797	test_acc:	0.2199
================================================================
Train Epoch: 65 [0/50000 (0%)]	Loss: 102.733032
Train Epoch: 65 [12800/50000 (26%)]	Loss: 102.650734
Train Epoch: 65 [25600/50000 (51%)]	Loss: 102.806396
Train Epoch: 65 [38400/50000 (77%)]	Loss: 102.711372
================================================================
epoch:	65	lr:	0.1	test loss:	3.393608141708374	test_acc:	0.2198
================================================================
Train Epoch: 66 [0/50000 (0%)]	Loss: 102.570381
Train Epoch: 66 [12800/50000 (26%)]	Loss: 102.710655
Train Epoch: 66 [25600/50000 (51%)]	Loss: 102.697556
Train Epoch: 66 [38400/50000 (77%)]	Loss: 102.693184
================================================================
epoch:	66	lr:	0.1	test loss:	3.387826800918579	test_acc:	0.2192
================================================================
Train Epoch: 67 [0/50000 (0%)]	Loss: 102.553902
Train Epoch: 67 [12800/50000 (26%)]	Loss: 102.701805
Train Epoch: 67 [25600/50000 (51%)]	Loss: 102.871681
Train Epoch: 67 [38400/50000 (77%)]	Loss: 102.667931
================================================================
epoch:	67	lr:	0.1	test loss:	3.37752486076355	test_acc:	0.2168
================================================================
Train Epoch: 68 [0/50000 (0%)]	Loss: 102.622101
Train Epoch: 68 [12800/50000 (26%)]	Loss: 102.557167
Train Epoch: 68 [25600/50000 (51%)]	Loss: 102.909950
Train Epoch: 68 [38400/50000 (77%)]	Loss: 102.506462
================================================================
epoch:	68	lr:	0.1	test loss:	3.4097916633605956	test_acc:	0.2157
================================================================
Train Epoch: 69 [0/50000 (0%)]	Loss: 102.392822
Train Epoch: 69 [12800/50000 (26%)]	Loss: 102.475258
Train Epoch: 69 [25600/50000 (51%)]	Loss: 102.562798
Train Epoch: 69 [38400/50000 (77%)]	Loss: 102.580750
================================================================
epoch:	69	lr:	0.1	test loss:	3.3902432765960695	test_acc:	0.2229
================================================================
Train Epoch: 70 [0/50000 (0%)]	Loss: 102.798157
Train Epoch: 70 [12800/50000 (26%)]	Loss: 102.614914
Train Epoch: 70 [25600/50000 (51%)]	Loss: 102.691940
Train Epoch: 70 [38400/50000 (77%)]	Loss: 102.602036
================================================================
epoch:	70	lr:	0.1	test loss:	3.420770137786865	test_acc:	0.2169
================================================================
Train Epoch: 71 [0/50000 (0%)]	Loss: 102.656776
Train Epoch: 71 [12800/50000 (26%)]	Loss: 102.648178
Train Epoch: 71 [25600/50000 (51%)]	Loss: 102.680115
Train Epoch: 71 [38400/50000 (77%)]	Loss: 102.697090
================================================================
epoch:	71	lr:	0.1	test loss:	3.365140607833862	test_acc:	0.2255
================================================================
Train Epoch: 72 [0/50000 (0%)]	Loss: 102.567261
Train Epoch: 72 [12800/50000 (26%)]	Loss: 102.588608
Train Epoch: 72 [25600/50000 (51%)]	Loss: 102.725929
Train Epoch: 72 [38400/50000 (77%)]	Loss: 102.636795
================================================================
epoch:	72	lr:	0.1	test loss:	3.396937976837158	test_acc:	0.231
================================================================
Train Epoch: 73 [0/50000 (0%)]	Loss: 102.418503
Train Epoch: 73 [12800/50000 (26%)]	Loss: 102.527473
Train Epoch: 73 [25600/50000 (51%)]	Loss: 102.514626
Train Epoch: 73 [38400/50000 (77%)]	Loss: 102.541008
================================================================
epoch:	73	lr:	0.1	test loss:	3.3498207790374757	test_acc:	0.2256
================================================================
Train Epoch: 74 [0/50000 (0%)]	Loss: 102.648193
Train Epoch: 74 [12800/50000 (26%)]	Loss: 102.668037
Train Epoch: 74 [25600/50000 (51%)]	Loss: 102.763824
Train Epoch: 74 [38400/50000 (77%)]	Loss: 102.571518
================================================================
epoch:	74	lr:	0.1	test loss:	3.37307331161499	test_acc:	0.2216
================================================================
Train Epoch: 75 [0/50000 (0%)]	Loss: 102.660675
Train Epoch: 75 [12800/50000 (26%)]	Loss: 102.159729
Train Epoch: 75 [25600/50000 (51%)]	Loss: 102.166405
Train Epoch: 75 [38400/50000 (77%)]	Loss: 102.383469
================================================================
epoch:	75	lr:	0.010000000000000002	test loss:	3.084658951950073	test_acc:	0.2839
================================================================
Train Epoch: 76 [0/50000 (0%)]	Loss: 101.982498
Train Epoch: 76 [12800/50000 (26%)]	Loss: 102.113220
Train Epoch: 76 [25600/50000 (51%)]	Loss: 102.128571
Train Epoch: 76 [38400/50000 (77%)]	Loss: 102.147705
================================================================
epoch:	76	lr:	0.010000000000000002	test loss:	3.078544528198242	test_acc:	0.2848
================================================================
Train Epoch: 77 [0/50000 (0%)]	Loss: 102.017097
Train Epoch: 77 [12800/50000 (26%)]	Loss: 102.292160
Train Epoch: 77 [25600/50000 (51%)]	Loss: 101.987999
Train Epoch: 77 [38400/50000 (77%)]	Loss: 102.140984
================================================================
epoch:	77	lr:	0.010000000000000002	test loss:	3.085299875640869	test_acc:	0.2854
================================================================
Train Epoch: 78 [0/50000 (0%)]	Loss: 102.041458
Train Epoch: 78 [12800/50000 (26%)]	Loss: 102.028427
Train Epoch: 78 [25600/50000 (51%)]	Loss: 102.010414
Train Epoch: 78 [38400/50000 (77%)]	Loss: 102.165123
================================================================
epoch:	78	lr:	0.010000000000000002	test loss:	3.0711104606628417	test_acc:	0.2855
================================================================
Train Epoch: 79 [0/50000 (0%)]	Loss: 102.090515
Train Epoch: 79 [12800/50000 (26%)]	Loss: 102.018417
Train Epoch: 79 [25600/50000 (51%)]	Loss: 101.979652
Train Epoch: 79 [38400/50000 (77%)]	Loss: 102.030220
================================================================
epoch:	79	lr:	0.010000000000000002	test loss:	3.075803596496582	test_acc:	0.2821
================================================================
Train Epoch: 80 [0/50000 (0%)]	Loss: 102.059845
Train Epoch: 80 [12800/50000 (26%)]	Loss: 101.976891
Train Epoch: 80 [25600/50000 (51%)]	Loss: 102.069138
Train Epoch: 80 [38400/50000 (77%)]	Loss: 102.120300
================================================================
epoch:	80	lr:	0.010000000000000002	test loss:	3.083501357650757	test_acc:	0.2816
================================================================
Train Epoch: 81 [0/50000 (0%)]	Loss: 101.992157
Train Epoch: 81 [12800/50000 (26%)]	Loss: 101.916176
Train Epoch: 81 [25600/50000 (51%)]	Loss: 101.991745
Train Epoch: 81 [38400/50000 (77%)]	Loss: 102.064667
================================================================
epoch:	81	lr:	0.010000000000000002	test loss:	3.0660096145629883	test_acc:	0.2856
================================================================
Train Epoch: 82 [0/50000 (0%)]	Loss: 101.937622
Train Epoch: 82 [12800/50000 (26%)]	Loss: 101.925751
Train Epoch: 82 [25600/50000 (51%)]	Loss: 101.915276
Train Epoch: 82 [38400/50000 (77%)]	Loss: 102.043045
================================================================
epoch:	82	lr:	0.010000000000000002	test loss:	3.0799039363861085	test_acc:	0.2857
================================================================
Train Epoch: 83 [0/50000 (0%)]	Loss: 101.792686
Train Epoch: 83 [12800/50000 (26%)]	Loss: 101.881645
Train Epoch: 83 [25600/50000 (51%)]	Loss: 101.969337
Train Epoch: 83 [38400/50000 (77%)]	Loss: 102.058563
================================================================
epoch:	83	lr:	0.010000000000000002	test loss:	3.107819841003418	test_acc:	0.2771
================================================================
Train Epoch: 84 [0/50000 (0%)]	Loss: 101.951981
Train Epoch: 84 [12800/50000 (26%)]	Loss: 101.944946
Train Epoch: 84 [25600/50000 (51%)]	Loss: 101.848663
Train Epoch: 84 [38400/50000 (77%)]	Loss: 101.875206
================================================================
epoch:	84	lr:	0.010000000000000002	test loss:	3.088385078048706	test_acc:	0.281
================================================================
Train Epoch: 85 [0/50000 (0%)]	Loss: 101.960907
Train Epoch: 85 [12800/50000 (26%)]	Loss: 101.863800
Train Epoch: 85 [25600/50000 (51%)]	Loss: 101.965103
Train Epoch: 85 [38400/50000 (77%)]	Loss: 101.876785
================================================================
epoch:	85	lr:	0.010000000000000002	test loss:	3.0863332359313964	test_acc:	0.2859
================================================================
Train Epoch: 86 [0/50000 (0%)]	Loss: 101.813210
Train Epoch: 86 [12800/50000 (26%)]	Loss: 101.788391
Train Epoch: 86 [25600/50000 (51%)]	Loss: 102.182014
Train Epoch: 86 [38400/50000 (77%)]	Loss: 101.930847
================================================================
epoch:	86	lr:	0.010000000000000002	test loss:	3.0999916900634767	test_acc:	0.276
================================================================
Train Epoch: 87 [0/50000 (0%)]	Loss: 101.897049
Train Epoch: 87 [12800/50000 (26%)]	Loss: 101.906174
Train Epoch: 87 [25600/50000 (51%)]	Loss: 101.874962
Train Epoch: 87 [38400/50000 (77%)]	Loss: 101.851059
================================================================
epoch:	87	lr:	0.010000000000000002	test loss:	3.100650188827515	test_acc:	0.2758
================================================================
Train Epoch: 88 [0/50000 (0%)]	Loss: 101.701454
Train Epoch: 88 [12800/50000 (26%)]	Loss: 101.681091
Train Epoch: 88 [25600/50000 (51%)]	Loss: 101.902687
Train Epoch: 88 [38400/50000 (77%)]	Loss: 101.917412
================================================================
epoch:	88	lr:	0.010000000000000002	test loss:	3.0929310092926023	test_acc:	0.2796
================================================================
Train Epoch: 89 [0/50000 (0%)]	Loss: 101.886604
Train Epoch: 89 [12800/50000 (26%)]	Loss: 101.942825
Train Epoch: 89 [25600/50000 (51%)]	Loss: 101.848572
Train Epoch: 89 [38400/50000 (77%)]	Loss: 101.856476
================================================================
epoch:	89	lr:	0.010000000000000002	test loss:	3.1103485778808593	test_acc:	0.2787
================================================================
Train Epoch: 90 [0/50000 (0%)]	Loss: 101.918831
Train Epoch: 90 [12800/50000 (26%)]	Loss: 101.819206
Train Epoch: 90 [25600/50000 (51%)]	Loss: 101.545418
Train Epoch: 90 [38400/50000 (77%)]	Loss: 101.761749
================================================================
epoch:	90	lr:	0.001	test loss:	3.057330485916138	test_acc:	0.2901
================================================================
Train Epoch: 91 [0/50000 (0%)]	Loss: 101.953819
Train Epoch: 91 [12800/50000 (26%)]	Loss: 101.652565
Train Epoch: 91 [25600/50000 (51%)]	Loss: 101.736710
Train Epoch: 91 [38400/50000 (77%)]	Loss: 101.905968
================================================================
epoch:	91	lr:	0.001	test loss:	3.050242516708374	test_acc:	0.29
================================================================
Train Epoch: 92 [0/50000 (0%)]	Loss: 101.732307
Train Epoch: 92 [12800/50000 (26%)]	Loss: 101.796707
Train Epoch: 92 [25600/50000 (51%)]	Loss: 101.749329
Train Epoch: 92 [38400/50000 (77%)]	Loss: 101.795464
================================================================
epoch:	92	lr:	0.001	test loss:	3.0555619609832765	test_acc:	0.2874
================================================================
Train Epoch: 93 [0/50000 (0%)]	Loss: 101.741005
Train Epoch: 93 [12800/50000 (26%)]	Loss: 101.722427
Train Epoch: 93 [25600/50000 (51%)]	Loss: 101.808731
Train Epoch: 93 [38400/50000 (77%)]	Loss: 101.643913
================================================================
epoch:	93	lr:	0.001	test loss:	3.057804807281494	test_acc:	0.2877
================================================================
Train Epoch: 94 [0/50000 (0%)]	Loss: 101.750710
Train Epoch: 94 [12800/50000 (26%)]	Loss: 101.705925
Train Epoch: 94 [25600/50000 (51%)]	Loss: 101.613945
Train Epoch: 94 [38400/50000 (77%)]	Loss: 101.695610
================================================================
epoch:	94	lr:	0.001	test loss:	3.054362484741211	test_acc:	0.2897
================================================================
Train Epoch: 95 [0/50000 (0%)]	Loss: 101.790703
Train Epoch: 95 [12800/50000 (26%)]	Loss: 101.888809
Train Epoch: 95 [25600/50000 (51%)]	Loss: 101.812645
Train Epoch: 95 [38400/50000 (77%)]	Loss: 101.747131
================================================================
epoch:	95	lr:	0.001	test loss:	3.0580164852142335	test_acc:	0.2869
================================================================
Train Epoch: 96 [0/50000 (0%)]	Loss: 101.671883
Train Epoch: 96 [12800/50000 (26%)]	Loss: 101.808083
Train Epoch: 96 [25600/50000 (51%)]	Loss: 101.702034
Train Epoch: 96 [38400/50000 (77%)]	Loss: 101.705803
================================================================
epoch:	96	lr:	0.001	test loss:	3.0525648029327392	test_acc:	0.2898
================================================================
Train Epoch: 97 [0/50000 (0%)]	Loss: 101.754845
Train Epoch: 97 [12800/50000 (26%)]	Loss: 101.691940
Train Epoch: 97 [25600/50000 (51%)]	Loss: 101.598427
Train Epoch: 97 [38400/50000 (77%)]	Loss: 101.802284
================================================================
epoch:	97	lr:	0.001	test loss:	3.0627982124328614	test_acc:	0.2869
================================================================
Train Epoch: 98 [0/50000 (0%)]	Loss: 101.589645
Train Epoch: 98 [12800/50000 (26%)]	Loss: 101.791954
Train Epoch: 98 [25600/50000 (51%)]	Loss: 101.649879
Train Epoch: 98 [38400/50000 (77%)]	Loss: 101.763344
================================================================
epoch:	98	lr:	0.001	test loss:	3.061101159667969	test_acc:	0.2868
================================================================
Train Epoch: 99 [0/50000 (0%)]	Loss: 101.773422
Train Epoch: 99 [12800/50000 (26%)]	Loss: 101.700996
Train Epoch: 99 [25600/50000 (51%)]	Loss: 101.717278
Train Epoch: 99 [38400/50000 (77%)]	Loss: 101.709076
================================================================
epoch:	99	lr:	0.001	test loss:	3.061369288253784	test_acc:	0.287
================================================================
Train Epoch: 100 [0/50000 (0%)]	Loss: 101.659714
Train Epoch: 100 [12800/50000 (26%)]	Loss: 101.663643
Train Epoch: 100 [25600/50000 (51%)]	Loss: 101.787582
Train Epoch: 100 [38400/50000 (77%)]	Loss: 101.584808
================================================================
epoch:	100	lr:	0.001	test loss:	3.071994171142578	test_acc:	0.2881
================================================================
