Namespace(batch_size=128, beta=6.0, epochs=100, epsilon=0.03137254901960784, log_interval=100, lr=0.1, model_dir='./results_sp/cifar10-ResNet-eps8-wd2-100exp-100', momentum=0.9, no_cuda=False, num_steps=10, save_freq=1, seed=1, step_size=0.00784313725490196, test_batch_size=128, weight_decay=0.0002)
Files already downloaded and verified
Files already downloaded and verified
Train Epoch: 1 [0/50000 (0%)]	Loss: 102.977173
Train Epoch: 1 [12800/50000 (26%)]	Loss: 102.179932
Train Epoch: 1 [25600/50000 (51%)]	Loss: 102.143936
Train Epoch: 1 [38400/50000 (77%)]	Loss: 102.252113
================================================================
epoch:	1	lr:	0.1	test loss:	2.1496723663330077	test_acc:	0.1952
================================================================
Train Epoch: 2 [0/50000 (0%)]	Loss: 102.177505
Train Epoch: 2 [12800/50000 (26%)]	Loss: 102.100456
Train Epoch: 2 [25600/50000 (51%)]	Loss: 102.171410
Train Epoch: 2 [38400/50000 (77%)]	Loss: 102.110550
================================================================
epoch:	2	lr:	0.1	test loss:	2.157338401412964	test_acc:	0.2092
================================================================
Train Epoch: 3 [0/50000 (0%)]	Loss: 102.164856
Train Epoch: 3 [12800/50000 (26%)]	Loss: 102.055351
Train Epoch: 3 [25600/50000 (51%)]	Loss: 102.007034
Train Epoch: 3 [38400/50000 (77%)]	Loss: 102.049400
================================================================
epoch:	3	lr:	0.1	test loss:	2.0260147968292235	test_acc:	0.237
================================================================
Train Epoch: 4 [0/50000 (0%)]	Loss: 101.964752
Train Epoch: 4 [12800/50000 (26%)]	Loss: 101.987358
Train Epoch: 4 [25600/50000 (51%)]	Loss: 101.986305
Train Epoch: 4 [38400/50000 (77%)]	Loss: 101.924667
================================================================
epoch:	4	lr:	0.1	test loss:	2.0333849403381348	test_acc:	0.2396
================================================================
Train Epoch: 5 [0/50000 (0%)]	Loss: 101.986588
Train Epoch: 5 [12800/50000 (26%)]	Loss: 101.929581
Train Epoch: 5 [25600/50000 (51%)]	Loss: 101.940491
Train Epoch: 5 [38400/50000 (77%)]	Loss: 101.964516
================================================================
epoch:	5	lr:	0.1	test loss:	1.927486173057556	test_acc:	0.2679
================================================================
Train Epoch: 6 [0/50000 (0%)]	Loss: 101.807411
Train Epoch: 6 [12800/50000 (26%)]	Loss: 101.931541
Train Epoch: 6 [25600/50000 (51%)]	Loss: 101.962914
Train Epoch: 6 [38400/50000 (77%)]	Loss: 101.843140
================================================================
epoch:	6	lr:	0.1	test loss:	1.9614479724884033	test_acc:	0.2601
================================================================
Train Epoch: 7 [0/50000 (0%)]	Loss: 101.917923
Train Epoch: 7 [12800/50000 (26%)]	Loss: 101.818382
Train Epoch: 7 [25600/50000 (51%)]	Loss: 101.786217
Train Epoch: 7 [38400/50000 (77%)]	Loss: 101.788612
================================================================
epoch:	7	lr:	0.1	test loss:	1.8213563938140869	test_acc:	0.3252
================================================================
Train Epoch: 8 [0/50000 (0%)]	Loss: 101.762672
Train Epoch: 8 [12800/50000 (26%)]	Loss: 101.800476
Train Epoch: 8 [25600/50000 (51%)]	Loss: 101.773788
Train Epoch: 8 [38400/50000 (77%)]	Loss: 101.826073
================================================================
epoch:	8	lr:	0.1	test loss:	1.7955867763519286	test_acc:	0.3294
================================================================
Train Epoch: 9 [0/50000 (0%)]	Loss: 101.649025
Train Epoch: 9 [12800/50000 (26%)]	Loss: 101.768326
Train Epoch: 9 [25600/50000 (51%)]	Loss: 101.739296
Train Epoch: 9 [38400/50000 (77%)]	Loss: 101.640457
================================================================
epoch:	9	lr:	0.1	test loss:	1.8051192249298096	test_acc:	0.3307
================================================================
Train Epoch: 10 [0/50000 (0%)]	Loss: 101.712090
Train Epoch: 10 [12800/50000 (26%)]	Loss: 101.682991
Train Epoch: 10 [25600/50000 (51%)]	Loss: 101.673660
Train Epoch: 10 [38400/50000 (77%)]	Loss: 101.533134
================================================================
epoch:	10	lr:	0.1	test loss:	1.7567241174697876	test_acc:	0.3456
================================================================
Train Epoch: 11 [0/50000 (0%)]	Loss: 101.677940
Train Epoch: 11 [12800/50000 (26%)]	Loss: 101.611229
Train Epoch: 11 [25600/50000 (51%)]	Loss: 101.700127
Train Epoch: 11 [38400/50000 (77%)]	Loss: 101.618393
================================================================
epoch:	11	lr:	0.1	test loss:	1.741021597480774	test_acc:	0.3492
================================================================
Train Epoch: 12 [0/50000 (0%)]	Loss: 101.594444
Train Epoch: 12 [12800/50000 (26%)]	Loss: 101.700470
Train Epoch: 12 [25600/50000 (51%)]	Loss: 101.704811
Train Epoch: 12 [38400/50000 (77%)]	Loss: 101.643860
================================================================
epoch:	12	lr:	0.1	test loss:	1.7427306241989136	test_acc:	0.3508
================================================================
Train Epoch: 13 [0/50000 (0%)]	Loss: 101.760925
Train Epoch: 13 [12800/50000 (26%)]	Loss: 101.788757
Train Epoch: 13 [25600/50000 (51%)]	Loss: 101.405602
Train Epoch: 13 [38400/50000 (77%)]	Loss: 101.593529
================================================================
epoch:	13	lr:	0.1	test loss:	1.681343305206299	test_acc:	0.3698
================================================================
Train Epoch: 14 [0/50000 (0%)]	Loss: 101.540848
Train Epoch: 14 [12800/50000 (26%)]	Loss: 101.639236
Train Epoch: 14 [25600/50000 (51%)]	Loss: 101.605003
Train Epoch: 14 [38400/50000 (77%)]	Loss: 101.497665
================================================================
epoch:	14	lr:	0.1	test loss:	1.7066615745544433	test_acc:	0.3534
================================================================
Train Epoch: 15 [0/50000 (0%)]	Loss: 101.500748
Train Epoch: 15 [12800/50000 (26%)]	Loss: 101.658981
Train Epoch: 15 [25600/50000 (51%)]	Loss: 101.413429
Train Epoch: 15 [38400/50000 (77%)]	Loss: 101.617920
================================================================
epoch:	15	lr:	0.1	test loss:	1.689634875679016	test_acc:	0.3708
================================================================
Train Epoch: 16 [0/50000 (0%)]	Loss: 101.560898
Train Epoch: 16 [12800/50000 (26%)]	Loss: 101.659706
Train Epoch: 16 [25600/50000 (51%)]	Loss: 101.508148
Train Epoch: 16 [38400/50000 (77%)]	Loss: 101.566597
================================================================
epoch:	16	lr:	0.1	test loss:	1.6564195220947266	test_acc:	0.386
================================================================
Train Epoch: 17 [0/50000 (0%)]	Loss: 101.564972
Train Epoch: 17 [12800/50000 (26%)]	Loss: 101.676743
Train Epoch: 17 [25600/50000 (51%)]	Loss: 101.422684
Train Epoch: 17 [38400/50000 (77%)]	Loss: 101.612129
================================================================
epoch:	17	lr:	0.1	test loss:	1.729420654296875	test_acc:	0.3388
================================================================
Train Epoch: 18 [0/50000 (0%)]	Loss: 101.467171
Train Epoch: 18 [12800/50000 (26%)]	Loss: 101.504349
Train Epoch: 18 [25600/50000 (51%)]	Loss: 101.521362
Train Epoch: 18 [38400/50000 (77%)]	Loss: 101.560768
================================================================
epoch:	18	lr:	0.1	test loss:	1.5946401252746583	test_acc:	0.4159
================================================================
Train Epoch: 19 [0/50000 (0%)]	Loss: 101.475700
Train Epoch: 19 [12800/50000 (26%)]	Loss: 101.634514
Train Epoch: 19 [25600/50000 (51%)]	Loss: 101.552277
Train Epoch: 19 [38400/50000 (77%)]	Loss: 101.438713
================================================================
epoch:	19	lr:	0.1	test loss:	1.6470014507293702	test_acc:	0.403
================================================================
Train Epoch: 20 [0/50000 (0%)]	Loss: 101.450974
Train Epoch: 20 [12800/50000 (26%)]	Loss: 101.494606
Train Epoch: 20 [25600/50000 (51%)]	Loss: 101.436928
Train Epoch: 20 [38400/50000 (77%)]	Loss: 101.600082
================================================================
epoch:	20	lr:	0.1	test loss:	1.6034833059310913	test_acc:	0.4115
================================================================
Train Epoch: 21 [0/50000 (0%)]	Loss: 101.492767
Train Epoch: 21 [12800/50000 (26%)]	Loss: 101.437950
Train Epoch: 21 [25600/50000 (51%)]	Loss: 101.461578
Train Epoch: 21 [38400/50000 (77%)]	Loss: 101.425026
================================================================
epoch:	21	lr:	0.1	test loss:	1.654560916519165	test_acc:	0.3882
================================================================
Train Epoch: 22 [0/50000 (0%)]	Loss: 101.545448
Train Epoch: 22 [12800/50000 (26%)]	Loss: 101.411499
Train Epoch: 22 [25600/50000 (51%)]	Loss: 101.522858
Train Epoch: 22 [38400/50000 (77%)]	Loss: 101.331635
================================================================
epoch:	22	lr:	0.1	test loss:	1.6235683763504027	test_acc:	0.4083
================================================================
Train Epoch: 23 [0/50000 (0%)]	Loss: 101.532799
Train Epoch: 23 [12800/50000 (26%)]	Loss: 101.485008
Train Epoch: 23 [25600/50000 (51%)]	Loss: 101.463348
Train Epoch: 23 [38400/50000 (77%)]	Loss: 101.606987
================================================================
epoch:	23	lr:	0.1	test loss:	1.5958678010940552	test_acc:	0.4215
================================================================
Train Epoch: 24 [0/50000 (0%)]	Loss: 101.396866
Train Epoch: 24 [12800/50000 (26%)]	Loss: 101.446945
Train Epoch: 24 [25600/50000 (51%)]	Loss: 101.460281
Train Epoch: 24 [38400/50000 (77%)]	Loss: 101.507118
================================================================
epoch:	24	lr:	0.1	test loss:	1.6259551473617553	test_acc:	0.3956
================================================================
Train Epoch: 25 [0/50000 (0%)]	Loss: 101.578453
Train Epoch: 25 [12800/50000 (26%)]	Loss: 101.402336
Train Epoch: 25 [25600/50000 (51%)]	Loss: 101.375710
Train Epoch: 25 [38400/50000 (77%)]	Loss: 101.551964
================================================================
epoch:	25	lr:	0.1	test loss:	1.6298134675979614	test_acc:	0.3971
================================================================
Train Epoch: 26 [0/50000 (0%)]	Loss: 101.559189
Train Epoch: 26 [12800/50000 (26%)]	Loss: 101.476662
Train Epoch: 26 [25600/50000 (51%)]	Loss: 101.393555
Train Epoch: 26 [38400/50000 (77%)]	Loss: 101.318398
================================================================
epoch:	26	lr:	0.1	test loss:	1.517039979171753	test_acc:	0.4548
================================================================
Train Epoch: 27 [0/50000 (0%)]	Loss: 101.415138
Train Epoch: 27 [12800/50000 (26%)]	Loss: 101.357101
Train Epoch: 27 [25600/50000 (51%)]	Loss: 101.335518
Train Epoch: 27 [38400/50000 (77%)]	Loss: 101.485435
================================================================
epoch:	27	lr:	0.1	test loss:	1.5512976705551147	test_acc:	0.4272
================================================================
Train Epoch: 28 [0/50000 (0%)]	Loss: 101.422401
Train Epoch: 28 [12800/50000 (26%)]	Loss: 101.381844
Train Epoch: 28 [25600/50000 (51%)]	Loss: 101.383934
Train Epoch: 28 [38400/50000 (77%)]	Loss: 101.478973
================================================================
epoch:	28	lr:	0.1	test loss:	1.6079060588836669	test_acc:	0.3996
================================================================
Train Epoch: 29 [0/50000 (0%)]	Loss: 101.486786
Train Epoch: 29 [12800/50000 (26%)]	Loss: 101.487282
Train Epoch: 29 [25600/50000 (51%)]	Loss: 101.389740
Train Epoch: 29 [38400/50000 (77%)]	Loss: 101.378113
================================================================
epoch:	29	lr:	0.1	test loss:	1.619724178314209	test_acc:	0.4136
================================================================
Train Epoch: 30 [0/50000 (0%)]	Loss: 101.371986
Train Epoch: 30 [12800/50000 (26%)]	Loss: 101.393990
Train Epoch: 30 [25600/50000 (51%)]	Loss: 101.399536
Train Epoch: 30 [38400/50000 (77%)]	Loss: 101.337891
================================================================
epoch:	30	lr:	0.1	test loss:	1.5548138410568237	test_acc:	0.4304
================================================================
Train Epoch: 31 [0/50000 (0%)]	Loss: 101.404388
Train Epoch: 31 [12800/50000 (26%)]	Loss: 101.356789
Train Epoch: 31 [25600/50000 (51%)]	Loss: 101.455307
Train Epoch: 31 [38400/50000 (77%)]	Loss: 101.353371
================================================================
epoch:	31	lr:	0.1	test loss:	1.5596653739929198	test_acc:	0.4261
================================================================
Train Epoch: 32 [0/50000 (0%)]	Loss: 101.407387
Train Epoch: 32 [12800/50000 (26%)]	Loss: 101.396332
Train Epoch: 32 [25600/50000 (51%)]	Loss: 101.293594
Train Epoch: 32 [38400/50000 (77%)]	Loss: 101.438934
================================================================
epoch:	32	lr:	0.1	test loss:	1.628766258430481	test_acc:	0.3955
================================================================
Train Epoch: 33 [0/50000 (0%)]	Loss: 101.429543
Train Epoch: 33 [12800/50000 (26%)]	Loss: 101.563911
Train Epoch: 33 [25600/50000 (51%)]	Loss: 101.360008
Train Epoch: 33 [38400/50000 (77%)]	Loss: 101.443413
================================================================
epoch:	33	lr:	0.1	test loss:	1.5341195583343505	test_acc:	0.43
================================================================
Train Epoch: 34 [0/50000 (0%)]	Loss: 101.499809
Train Epoch: 34 [12800/50000 (26%)]	Loss: 101.455818
Train Epoch: 34 [25600/50000 (51%)]	Loss: 101.496086
Train Epoch: 34 [38400/50000 (77%)]	Loss: 101.525589
================================================================
epoch:	34	lr:	0.1	test loss:	1.558184987449646	test_acc:	0.44
================================================================
Train Epoch: 35 [0/50000 (0%)]	Loss: 101.448097
Train Epoch: 35 [12800/50000 (26%)]	Loss: 101.456970
Train Epoch: 35 [25600/50000 (51%)]	Loss: 101.245735
Train Epoch: 35 [38400/50000 (77%)]	Loss: 101.399826
================================================================
epoch:	35	lr:	0.1	test loss:	1.5490068979263305	test_acc:	0.4353
================================================================
Train Epoch: 36 [0/50000 (0%)]	Loss: 101.467888
Train Epoch: 36 [12800/50000 (26%)]	Loss: 101.385857
Train Epoch: 36 [25600/50000 (51%)]	Loss: 101.397255
Train Epoch: 36 [38400/50000 (77%)]	Loss: 101.465965
================================================================
epoch:	36	lr:	0.1	test loss:	1.5348131900787354	test_acc:	0.4354
================================================================
Train Epoch: 37 [0/50000 (0%)]	Loss: 101.436348
Train Epoch: 37 [12800/50000 (26%)]	Loss: 101.417480
Train Epoch: 37 [25600/50000 (51%)]	Loss: 101.382240
Train Epoch: 37 [38400/50000 (77%)]	Loss: 101.520775
================================================================
epoch:	37	lr:	0.1	test loss:	1.568240658569336	test_acc:	0.4108
================================================================
Train Epoch: 38 [0/50000 (0%)]	Loss: 101.341293
Train Epoch: 38 [12800/50000 (26%)]	Loss: 101.273399
Train Epoch: 38 [25600/50000 (51%)]	Loss: 101.421516
Train Epoch: 38 [38400/50000 (77%)]	Loss: 101.488342
================================================================
epoch:	38	lr:	0.1	test loss:	1.6303930784225464	test_acc:	0.4032
================================================================
Train Epoch: 39 [0/50000 (0%)]	Loss: 101.418602
Train Epoch: 39 [12800/50000 (26%)]	Loss: 101.338005
Train Epoch: 39 [25600/50000 (51%)]	Loss: 101.332817
Train Epoch: 39 [38400/50000 (77%)]	Loss: 101.475914
================================================================
epoch:	39	lr:	0.1	test loss:	1.5106811458587646	test_acc:	0.4344
================================================================
Train Epoch: 40 [0/50000 (0%)]	Loss: 101.300537
Train Epoch: 40 [12800/50000 (26%)]	Loss: 101.416275
Train Epoch: 40 [25600/50000 (51%)]	Loss: 101.434464
Train Epoch: 40 [38400/50000 (77%)]	Loss: 101.426041
================================================================
epoch:	40	lr:	0.1	test loss:	1.651887310218811	test_acc:	0.3895
================================================================
Train Epoch: 41 [0/50000 (0%)]	Loss: 101.474922
Train Epoch: 41 [12800/50000 (26%)]	Loss: 101.299232
Train Epoch: 41 [25600/50000 (51%)]	Loss: 101.460266
Train Epoch: 41 [38400/50000 (77%)]	Loss: 101.451134
================================================================
epoch:	41	lr:	0.1	test loss:	1.5364984987258912	test_acc:	0.4441
================================================================
Train Epoch: 42 [0/50000 (0%)]	Loss: 101.330582
Train Epoch: 42 [12800/50000 (26%)]	Loss: 101.403778
Train Epoch: 42 [25600/50000 (51%)]	Loss: 101.359650
Train Epoch: 42 [38400/50000 (77%)]	Loss: 101.452713
================================================================
epoch:	42	lr:	0.1	test loss:	1.5199656311035157	test_acc:	0.4512
================================================================
Train Epoch: 43 [0/50000 (0%)]	Loss: 101.212807
Train Epoch: 43 [12800/50000 (26%)]	Loss: 101.311050
Train Epoch: 43 [25600/50000 (51%)]	Loss: 101.439865
Train Epoch: 43 [38400/50000 (77%)]	Loss: 101.331184
================================================================
epoch:	43	lr:	0.1	test loss:	1.4920580980300904	test_acc:	0.4549
================================================================
Train Epoch: 44 [0/50000 (0%)]	Loss: 101.353226
Train Epoch: 44 [12800/50000 (26%)]	Loss: 101.365707
Train Epoch: 44 [25600/50000 (51%)]	Loss: 101.319763
Train Epoch: 44 [38400/50000 (77%)]	Loss: 101.329163
================================================================
epoch:	44	lr:	0.1	test loss:	1.5925842561721801	test_acc:	0.4096
================================================================
Train Epoch: 45 [0/50000 (0%)]	Loss: 101.329376
Train Epoch: 45 [12800/50000 (26%)]	Loss: 101.403961
Train Epoch: 45 [25600/50000 (51%)]	Loss: 101.319016
Train Epoch: 45 [38400/50000 (77%)]	Loss: 101.259392
================================================================
epoch:	45	lr:	0.1	test loss:	1.5345908676147462	test_acc:	0.4439
================================================================
Train Epoch: 46 [0/50000 (0%)]	Loss: 101.377937
Train Epoch: 46 [12800/50000 (26%)]	Loss: 101.453781
Train Epoch: 46 [25600/50000 (51%)]	Loss: 101.337334
Train Epoch: 46 [38400/50000 (77%)]	Loss: 101.358932
================================================================
epoch:	46	lr:	0.1	test loss:	1.524656683731079	test_acc:	0.4341
================================================================
Train Epoch: 47 [0/50000 (0%)]	Loss: 101.376755
Train Epoch: 47 [12800/50000 (26%)]	Loss: 101.288612
Train Epoch: 47 [25600/50000 (51%)]	Loss: 101.335564
Train Epoch: 47 [38400/50000 (77%)]	Loss: 101.441116
================================================================
epoch:	47	lr:	0.1	test loss:	1.5018177127838135	test_acc:	0.4499
================================================================
Train Epoch: 48 [0/50000 (0%)]	Loss: 101.354637
Train Epoch: 48 [12800/50000 (26%)]	Loss: 101.390816
Train Epoch: 48 [25600/50000 (51%)]	Loss: 101.346809
Train Epoch: 48 [38400/50000 (77%)]	Loss: 101.379242
================================================================
epoch:	48	lr:	0.1	test loss:	1.4842768224716187	test_acc:	0.471
================================================================
Train Epoch: 49 [0/50000 (0%)]	Loss: 101.297066
Train Epoch: 49 [12800/50000 (26%)]	Loss: 101.385620
Train Epoch: 49 [25600/50000 (51%)]	Loss: 101.276505
Train Epoch: 49 [38400/50000 (77%)]	Loss: 101.370087
================================================================
epoch:	49	lr:	0.1	test loss:	1.597587811279297	test_acc:	0.3963
================================================================
Train Epoch: 50 [0/50000 (0%)]	Loss: 101.328636
Train Epoch: 50 [12800/50000 (26%)]	Loss: 101.263680
Train Epoch: 50 [25600/50000 (51%)]	Loss: 101.359962
Train Epoch: 50 [38400/50000 (77%)]	Loss: 101.256348
================================================================
epoch:	50	lr:	0.1	test loss:	1.4707863346099854	test_acc:	0.4659
================================================================
Train Epoch: 51 [0/50000 (0%)]	Loss: 101.358833
Train Epoch: 51 [12800/50000 (26%)]	Loss: 101.327721
Train Epoch: 51 [25600/50000 (51%)]	Loss: 101.374603
Train Epoch: 51 [38400/50000 (77%)]	Loss: 101.365692
================================================================
epoch:	51	lr:	0.1	test loss:	1.4980342540740967	test_acc:	0.4577
================================================================
Train Epoch: 52 [0/50000 (0%)]	Loss: 101.170807
Train Epoch: 52 [12800/50000 (26%)]	Loss: 101.238335
Train Epoch: 52 [25600/50000 (51%)]	Loss: 101.320488
Train Epoch: 52 [38400/50000 (77%)]	Loss: 101.329781
================================================================
epoch:	52	lr:	0.1	test loss:	1.5023844827651978	test_acc:	0.4625
================================================================
Train Epoch: 53 [0/50000 (0%)]	Loss: 101.332336
Train Epoch: 53 [12800/50000 (26%)]	Loss: 101.305618
Train Epoch: 53 [25600/50000 (51%)]	Loss: 101.292610
Train Epoch: 53 [38400/50000 (77%)]	Loss: 101.319054
================================================================
epoch:	53	lr:	0.1	test loss:	1.6281492139816285	test_acc:	0.4134
================================================================
Train Epoch: 54 [0/50000 (0%)]	Loss: 101.338966
Train Epoch: 54 [12800/50000 (26%)]	Loss: 101.370132
Train Epoch: 54 [25600/50000 (51%)]	Loss: 101.332390
Train Epoch: 54 [38400/50000 (77%)]	Loss: 101.368362
================================================================
epoch:	54	lr:	0.1	test loss:	1.494046703338623	test_acc:	0.4629
================================================================
Train Epoch: 55 [0/50000 (0%)]	Loss: 101.240822
Train Epoch: 55 [12800/50000 (26%)]	Loss: 101.319221
Train Epoch: 55 [25600/50000 (51%)]	Loss: 101.274940
Train Epoch: 55 [38400/50000 (77%)]	Loss: 101.288498
================================================================
epoch:	55	lr:	0.1	test loss:	1.527031788635254	test_acc:	0.4357
================================================================
Train Epoch: 56 [0/50000 (0%)]	Loss: 101.305214
Train Epoch: 56 [12800/50000 (26%)]	Loss: 101.233551
Train Epoch: 56 [25600/50000 (51%)]	Loss: 101.431381
Train Epoch: 56 [38400/50000 (77%)]	Loss: 101.313583
================================================================
epoch:	56	lr:	0.1	test loss:	1.529336568069458	test_acc:	0.4359
================================================================
Train Epoch: 57 [0/50000 (0%)]	Loss: 101.293594
Train Epoch: 57 [12800/50000 (26%)]	Loss: 101.302223
Train Epoch: 57 [25600/50000 (51%)]	Loss: 101.444817
Train Epoch: 57 [38400/50000 (77%)]	Loss: 101.265388
================================================================
epoch:	57	lr:	0.1	test loss:	1.499950474357605	test_acc:	0.452
================================================================
Train Epoch: 58 [0/50000 (0%)]	Loss: 101.233353
Train Epoch: 58 [12800/50000 (26%)]	Loss: 101.458260
Train Epoch: 58 [25600/50000 (51%)]	Loss: 101.389534
Train Epoch: 58 [38400/50000 (77%)]	Loss: 101.319923
================================================================
epoch:	58	lr:	0.1	test loss:	1.5021691345214845	test_acc:	0.4589
================================================================
Train Epoch: 59 [0/50000 (0%)]	Loss: 101.226013
Train Epoch: 59 [12800/50000 (26%)]	Loss: 101.311508
Train Epoch: 59 [25600/50000 (51%)]	Loss: 101.368919
Train Epoch: 59 [38400/50000 (77%)]	Loss: 101.349197
================================================================
epoch:	59	lr:	0.1	test loss:	1.5446951177597046	test_acc:	0.4206
================================================================
Train Epoch: 60 [0/50000 (0%)]	Loss: 101.258224
Train Epoch: 60 [12800/50000 (26%)]	Loss: 101.247353
Train Epoch: 60 [25600/50000 (51%)]	Loss: 101.230431
Train Epoch: 60 [38400/50000 (77%)]	Loss: 101.384224
================================================================
epoch:	60	lr:	0.1	test loss:	1.520398210144043	test_acc:	0.4401
================================================================
Train Epoch: 61 [0/50000 (0%)]	Loss: 101.288399
Train Epoch: 61 [12800/50000 (26%)]	Loss: 101.300194
Train Epoch: 61 [25600/50000 (51%)]	Loss: 101.396095
Train Epoch: 61 [38400/50000 (77%)]	Loss: 101.295822
================================================================
epoch:	61	lr:	0.1	test loss:	1.4572258152008057	test_acc:	0.4755
================================================================
Train Epoch: 62 [0/50000 (0%)]	Loss: 101.298233
Train Epoch: 62 [12800/50000 (26%)]	Loss: 101.251923
Train Epoch: 62 [25600/50000 (51%)]	Loss: 101.513077
Train Epoch: 62 [38400/50000 (77%)]	Loss: 101.323318
================================================================
epoch:	62	lr:	0.1	test loss:	1.5385755250930786	test_acc:	0.4398
================================================================
Train Epoch: 63 [0/50000 (0%)]	Loss: 101.217201
Train Epoch: 63 [12800/50000 (26%)]	Loss: 101.349403
Train Epoch: 63 [25600/50000 (51%)]	Loss: 101.354424
Train Epoch: 63 [38400/50000 (77%)]	Loss: 101.330307
================================================================
epoch:	63	lr:	0.1	test loss:	1.4970430700302124	test_acc:	0.4478
================================================================
Train Epoch: 64 [0/50000 (0%)]	Loss: 101.220726
Train Epoch: 64 [12800/50000 (26%)]	Loss: 101.294022
Train Epoch: 64 [25600/50000 (51%)]	Loss: 101.255173
Train Epoch: 64 [38400/50000 (77%)]	Loss: 101.402695
================================================================
epoch:	64	lr:	0.1	test loss:	1.5725664937973023	test_acc:	0.429
================================================================
Train Epoch: 65 [0/50000 (0%)]	Loss: 101.507927
Train Epoch: 65 [12800/50000 (26%)]	Loss: 101.512939
Train Epoch: 65 [25600/50000 (51%)]	Loss: 101.190140
Train Epoch: 65 [38400/50000 (77%)]	Loss: 101.186943
================================================================
epoch:	65	lr:	0.1	test loss:	1.501149461364746	test_acc:	0.4481
================================================================
Train Epoch: 66 [0/50000 (0%)]	Loss: 101.338760
Train Epoch: 66 [12800/50000 (26%)]	Loss: 101.280937
Train Epoch: 66 [25600/50000 (51%)]	Loss: 101.297806
Train Epoch: 66 [38400/50000 (77%)]	Loss: 101.296112
================================================================
epoch:	66	lr:	0.1	test loss:	1.4780231170654297	test_acc:	0.4588
================================================================
Train Epoch: 67 [0/50000 (0%)]	Loss: 101.290070
Train Epoch: 67 [12800/50000 (26%)]	Loss: 101.457977
Train Epoch: 67 [25600/50000 (51%)]	Loss: 101.369095
Train Epoch: 67 [38400/50000 (77%)]	Loss: 101.356209
================================================================
epoch:	67	lr:	0.1	test loss:	1.517395435333252	test_acc:	0.4466
================================================================
Train Epoch: 68 [0/50000 (0%)]	Loss: 101.346947
Train Epoch: 68 [12800/50000 (26%)]	Loss: 101.101959
Train Epoch: 68 [25600/50000 (51%)]	Loss: 101.326279
Train Epoch: 68 [38400/50000 (77%)]	Loss: 101.351128
================================================================
epoch:	68	lr:	0.1	test loss:	1.489417845916748	test_acc:	0.4544
================================================================
Train Epoch: 69 [0/50000 (0%)]	Loss: 101.363716
Train Epoch: 69 [12800/50000 (26%)]	Loss: 101.298698
Train Epoch: 69 [25600/50000 (51%)]	Loss: 101.383606
Train Epoch: 69 [38400/50000 (77%)]	Loss: 101.243683
================================================================
epoch:	69	lr:	0.1	test loss:	1.6124810953140258	test_acc:	0.3982
================================================================
Train Epoch: 70 [0/50000 (0%)]	Loss: 101.403442
Train Epoch: 70 [12800/50000 (26%)]	Loss: 101.347504
Train Epoch: 70 [25600/50000 (51%)]	Loss: 101.264847
Train Epoch: 70 [38400/50000 (77%)]	Loss: 101.162529
================================================================
epoch:	70	lr:	0.1	test loss:	1.528423975944519	test_acc:	0.4356
================================================================
Train Epoch: 71 [0/50000 (0%)]	Loss: 101.340935
Train Epoch: 71 [12800/50000 (26%)]	Loss: 101.457779
Train Epoch: 71 [25600/50000 (51%)]	Loss: 101.343674
Train Epoch: 71 [38400/50000 (77%)]	Loss: 101.259361
================================================================
epoch:	71	lr:	0.1	test loss:	1.506559869003296	test_acc:	0.4645
================================================================
Train Epoch: 72 [0/50000 (0%)]	Loss: 101.238914
Train Epoch: 72 [12800/50000 (26%)]	Loss: 101.310776
Train Epoch: 72 [25600/50000 (51%)]	Loss: 101.237411
Train Epoch: 72 [38400/50000 (77%)]	Loss: 101.444397
================================================================
epoch:	72	lr:	0.1	test loss:	1.500182018852234	test_acc:	0.4516
================================================================
Train Epoch: 73 [0/50000 (0%)]	Loss: 101.250336
Train Epoch: 73 [12800/50000 (26%)]	Loss: 101.256508
Train Epoch: 73 [25600/50000 (51%)]	Loss: 101.315002
Train Epoch: 73 [38400/50000 (77%)]	Loss: 101.446960
================================================================
epoch:	73	lr:	0.1	test loss:	1.4941760984420775	test_acc:	0.4542
================================================================
Train Epoch: 74 [0/50000 (0%)]	Loss: 101.375496
Train Epoch: 74 [12800/50000 (26%)]	Loss: 101.338921
Train Epoch: 74 [25600/50000 (51%)]	Loss: 101.347412
Train Epoch: 74 [38400/50000 (77%)]	Loss: 101.437599
================================================================
epoch:	74	lr:	0.1	test loss:	1.5854832412719726	test_acc:	0.4028
================================================================
Train Epoch: 75 [0/50000 (0%)]	Loss: 101.421165
Train Epoch: 75 [12800/50000 (26%)]	Loss: 101.299797
Train Epoch: 75 [25600/50000 (51%)]	Loss: 101.089828
Train Epoch: 75 [38400/50000 (77%)]	Loss: 101.174423
================================================================
epoch:	75	lr:	0.010000000000000002	test loss:	1.3403912586212159	test_acc:	0.5132
================================================================
Train Epoch: 76 [0/50000 (0%)]	Loss: 101.130417
Train Epoch: 76 [12800/50000 (26%)]	Loss: 101.081352
Train Epoch: 76 [25600/50000 (51%)]	Loss: 101.055801
Train Epoch: 76 [38400/50000 (77%)]	Loss: 101.035995
================================================================
epoch:	76	lr:	0.010000000000000002	test loss:	1.3223101762771607	test_acc:	0.5247
================================================================
Train Epoch: 77 [0/50000 (0%)]	Loss: 100.947556
Train Epoch: 77 [12800/50000 (26%)]	Loss: 101.169273
Train Epoch: 77 [25600/50000 (51%)]	Loss: 101.100403
Train Epoch: 77 [38400/50000 (77%)]	Loss: 101.019341
================================================================
epoch:	77	lr:	0.010000000000000002	test loss:	1.3154888442993165	test_acc:	0.5237
================================================================
Train Epoch: 78 [0/50000 (0%)]	Loss: 101.049568
Train Epoch: 78 [12800/50000 (26%)]	Loss: 101.030190
Train Epoch: 78 [25600/50000 (51%)]	Loss: 101.149200
Train Epoch: 78 [38400/50000 (77%)]	Loss: 101.128662
================================================================
epoch:	78	lr:	0.010000000000000002	test loss:	1.3140927885055542	test_acc:	0.5272
================================================================
Train Epoch: 79 [0/50000 (0%)]	Loss: 101.019638
Train Epoch: 79 [12800/50000 (26%)]	Loss: 100.947525
Train Epoch: 79 [25600/50000 (51%)]	Loss: 101.180244
Train Epoch: 79 [38400/50000 (77%)]	Loss: 101.061684
================================================================
epoch:	79	lr:	0.010000000000000002	test loss:	1.3111026424407959	test_acc:	0.5198
================================================================
Train Epoch: 80 [0/50000 (0%)]	Loss: 101.032585
Train Epoch: 80 [12800/50000 (26%)]	Loss: 101.031662
Train Epoch: 80 [25600/50000 (51%)]	Loss: 101.086006
Train Epoch: 80 [38400/50000 (77%)]	Loss: 101.091812
================================================================
epoch:	80	lr:	0.010000000000000002	test loss:	1.2998285034179689	test_acc:	0.5299
================================================================
Train Epoch: 81 [0/50000 (0%)]	Loss: 101.035751
Train Epoch: 81 [12800/50000 (26%)]	Loss: 101.035973
Train Epoch: 81 [25600/50000 (51%)]	Loss: 101.025620
Train Epoch: 81 [38400/50000 (77%)]	Loss: 101.034073
================================================================
epoch:	81	lr:	0.010000000000000002	test loss:	1.303408902168274	test_acc:	0.525
================================================================
Train Epoch: 82 [0/50000 (0%)]	Loss: 101.079742
Train Epoch: 82 [12800/50000 (26%)]	Loss: 101.176659
Train Epoch: 82 [25600/50000 (51%)]	Loss: 101.033485
Train Epoch: 82 [38400/50000 (77%)]	Loss: 101.097839
================================================================
epoch:	82	lr:	0.010000000000000002	test loss:	1.3217869607925414	test_acc:	0.5129
================================================================
Train Epoch: 83 [0/50000 (0%)]	Loss: 101.059654
Train Epoch: 83 [12800/50000 (26%)]	Loss: 101.016411
Train Epoch: 83 [25600/50000 (51%)]	Loss: 101.049858
Train Epoch: 83 [38400/50000 (77%)]	Loss: 101.025627
================================================================
epoch:	83	lr:	0.010000000000000002	test loss:	1.3051174518585205	test_acc:	0.5234
================================================================
Train Epoch: 84 [0/50000 (0%)]	Loss: 100.893906
Train Epoch: 84 [12800/50000 (26%)]	Loss: 100.988510
Train Epoch: 84 [25600/50000 (51%)]	Loss: 101.074242
Train Epoch: 84 [38400/50000 (77%)]	Loss: 101.157669
================================================================
epoch:	84	lr:	0.010000000000000002	test loss:	1.3064906213760377	test_acc:	0.5263
================================================================
Train Epoch: 85 [0/50000 (0%)]	Loss: 101.117775
Train Epoch: 85 [12800/50000 (26%)]	Loss: 100.965340
Train Epoch: 85 [25600/50000 (51%)]	Loss: 101.023178
Train Epoch: 85 [38400/50000 (77%)]	Loss: 100.985733
================================================================
epoch:	85	lr:	0.010000000000000002	test loss:	1.314778918647766	test_acc:	0.5163
================================================================
Train Epoch: 86 [0/50000 (0%)]	Loss: 100.997375
Train Epoch: 86 [12800/50000 (26%)]	Loss: 100.996330
Train Epoch: 86 [25600/50000 (51%)]	Loss: 101.019722
Train Epoch: 86 [38400/50000 (77%)]	Loss: 101.062744
================================================================
epoch:	86	lr:	0.010000000000000002	test loss:	1.3086563130378723	test_acc:	0.5192
================================================================
Train Epoch: 87 [0/50000 (0%)]	Loss: 100.956818
Train Epoch: 87 [12800/50000 (26%)]	Loss: 100.974945
Train Epoch: 87 [25600/50000 (51%)]	Loss: 100.996460
Train Epoch: 87 [38400/50000 (77%)]	Loss: 101.063225
================================================================
epoch:	87	lr:	0.010000000000000002	test loss:	1.3334436403274537	test_acc:	0.5174
================================================================
Train Epoch: 88 [0/50000 (0%)]	Loss: 101.072334
Train Epoch: 88 [12800/50000 (26%)]	Loss: 101.120651
Train Epoch: 88 [25600/50000 (51%)]	Loss: 101.032036
Train Epoch: 88 [38400/50000 (77%)]	Loss: 100.948769
================================================================
epoch:	88	lr:	0.010000000000000002	test loss:	1.304254745388031	test_acc:	0.5222
================================================================
Train Epoch: 89 [0/50000 (0%)]	Loss: 101.028831
Train Epoch: 89 [12800/50000 (26%)]	Loss: 100.996521
Train Epoch: 89 [25600/50000 (51%)]	Loss: 101.012619
Train Epoch: 89 [38400/50000 (77%)]	Loss: 101.018898
================================================================
epoch:	89	lr:	0.010000000000000002	test loss:	1.3071610816001893	test_acc:	0.5164
================================================================
Train Epoch: 90 [0/50000 (0%)]	Loss: 100.987335
Train Epoch: 90 [12800/50000 (26%)]	Loss: 101.004013
Train Epoch: 90 [25600/50000 (51%)]	Loss: 100.978683
Train Epoch: 90 [38400/50000 (77%)]	Loss: 100.920593
================================================================
epoch:	90	lr:	0.001	test loss:	1.282454711151123	test_acc:	0.5337
================================================================
Train Epoch: 91 [0/50000 (0%)]	Loss: 100.972923
Train Epoch: 91 [12800/50000 (26%)]	Loss: 100.908386
Train Epoch: 91 [25600/50000 (51%)]	Loss: 100.989822
Train Epoch: 91 [38400/50000 (77%)]	Loss: 100.893234
================================================================
epoch:	91	lr:	0.001	test loss:	1.2796672319412232	test_acc:	0.5321
================================================================
Train Epoch: 92 [0/50000 (0%)]	Loss: 101.054008
Train Epoch: 92 [12800/50000 (26%)]	Loss: 100.985451
Train Epoch: 92 [25600/50000 (51%)]	Loss: 100.986694
Train Epoch: 92 [38400/50000 (77%)]	Loss: 100.986732
================================================================
epoch:	92	lr:	0.001	test loss:	1.2827836192131044	test_acc:	0.526
================================================================
Train Epoch: 93 [0/50000 (0%)]	Loss: 100.880402
Train Epoch: 93 [12800/50000 (26%)]	Loss: 100.898720
Train Epoch: 93 [25600/50000 (51%)]	Loss: 101.001358
Train Epoch: 93 [38400/50000 (77%)]	Loss: 100.986427
================================================================
epoch:	93	lr:	0.001	test loss:	1.2780411180496216	test_acc:	0.535
================================================================
Train Epoch: 94 [0/50000 (0%)]	Loss: 100.855286
Train Epoch: 94 [12800/50000 (26%)]	Loss: 101.071899
Train Epoch: 94 [25600/50000 (51%)]	Loss: 100.941010
Train Epoch: 94 [38400/50000 (77%)]	Loss: 100.929909
================================================================
epoch:	94	lr:	0.001	test loss:	1.2786446768760682	test_acc:	0.5343
================================================================
Train Epoch: 95 [0/50000 (0%)]	Loss: 100.941216
Train Epoch: 95 [12800/50000 (26%)]	Loss: 100.882393
Train Epoch: 95 [25600/50000 (51%)]	Loss: 100.991035
Train Epoch: 95 [38400/50000 (77%)]	Loss: 100.919968
================================================================
epoch:	95	lr:	0.001	test loss:	1.2818470234870911	test_acc:	0.5313
================================================================
Train Epoch: 96 [0/50000 (0%)]	Loss: 100.921371
Train Epoch: 96 [12800/50000 (26%)]	Loss: 100.972458
Train Epoch: 96 [25600/50000 (51%)]	Loss: 100.900131
Train Epoch: 96 [38400/50000 (77%)]	Loss: 100.882698
================================================================
epoch:	96	lr:	0.001	test loss:	1.2785937356948853	test_acc:	0.5329
================================================================
Train Epoch: 97 [0/50000 (0%)]	Loss: 101.052574
Train Epoch: 97 [12800/50000 (26%)]	Loss: 100.884132
Train Epoch: 97 [25600/50000 (51%)]	Loss: 100.888611
Train Epoch: 97 [38400/50000 (77%)]	Loss: 100.880844
================================================================
epoch:	97	lr:	0.001	test loss:	1.276633721446991	test_acc:	0.535
================================================================
Train Epoch: 98 [0/50000 (0%)]	Loss: 100.928223
Train Epoch: 98 [12800/50000 (26%)]	Loss: 100.857635
Train Epoch: 98 [25600/50000 (51%)]	Loss: 100.873421
Train Epoch: 98 [38400/50000 (77%)]	Loss: 101.116707
================================================================
epoch:	98	lr:	0.001	test loss:	1.2752997990608215	test_acc:	0.5346
================================================================
Train Epoch: 99 [0/50000 (0%)]	Loss: 100.827316
Train Epoch: 99 [12800/50000 (26%)]	Loss: 100.911377
Train Epoch: 99 [25600/50000 (51%)]	Loss: 100.875999
Train Epoch: 99 [38400/50000 (77%)]	Loss: 100.915833
================================================================
epoch:	99	lr:	0.001	test loss:	1.2802295110702515	test_acc:	0.5296
================================================================
Train Epoch: 100 [0/50000 (0%)]	Loss: 100.989120
Train Epoch: 100 [12800/50000 (26%)]	Loss: 100.923157
Train Epoch: 100 [25600/50000 (51%)]	Loss: 100.951927
Train Epoch: 100 [38400/50000 (77%)]	Loss: 100.946373
================================================================
epoch:	100	lr:	0.001	test loss:	1.2792237738609313	test_acc:	0.5317
================================================================