[2021/11/08 14:55:32] - Namespace(BNeval=True, affix='awp-10exp', attack='pgd', attack_iters=10, batch_size=128, data='cifar10', data_dir='/home/lxb/datasets/cifar10', epochs=100, epsilon=8, fname='result_cvpr_sp1/ResNet18_eps8_bs128_maxlr0.1_wd0.0002_BNeval_100_cifar10_awp-10exp', lr_max=0.1, lr_schedule='piecewise', lrdecay='base', model='ResNet18', norm='l_inf', optimizer='momentum', pgd_alpha=2.0, prefix='cvpr_sp1', restarts=1, resume=11, seed=0, test_epsilon=8, test_pgd_alpha=2, weight_decay=0.0002, width_factor=10)
[2021/11/08 14:55:37] - resume form ./result_cvpr_sp1/ResNet18_eps8_bs128_maxlr0.1_wd0.0002_BNeval_100_cifar10_awp-base/model_10.pth
[2021/11/08 14:55:37] - Epoch 	 lr 	 Train Acc 	 Train Robust Acc 	 Test Acc 	 Test Robust Acc
[2021/11/08 15:02:22] - 11 	 0.1000 	 0.5900 	 0.3436 	 0.6160 	 0.3870
[2021/11/08 15:09:09] - 12 	 0.1000 	 0.6157 	 0.3566 	 0.5873 	 0.3823
[2021/11/08 15:15:57] - 13 	 0.1000 	 0.6279 	 0.3680 	 0.6238 	 0.4164
[2021/11/08 15:22:44] - 14 	 0.1000 	 0.6391 	 0.3735 	 0.5857 	 0.4035
[2021/11/08 15:29:31] - 15 	 0.1000 	 0.6537 	 0.3835 	 0.6517 	 0.4330
[2021/11/08 15:36:18] - 16 	 0.1000 	 0.6650 	 0.3925 	 0.6711 	 0.4375
[2021/11/08 15:43:05] - 17 	 0.1000 	 0.6706 	 0.3958 	 0.6515 	 0.4177
[2021/11/08 15:49:53] - 18 	 0.1000 	 0.6817 	 0.4029 	 0.6608 	 0.4292
[2021/11/08 15:56:40] - 19 	 0.1000 	 0.6905 	 0.4096 	 0.6750 	 0.4268
[2021/11/08 16:03:27] - 20 	 0.1000 	 0.6947 	 0.4146 	 0.6797 	 0.4474
[2021/11/08 16:10:15] - 21 	 0.1000 	 0.6978 	 0.4149 	 0.6822 	 0.4491
[2021/11/08 16:17:03] - 22 	 0.1000 	 0.7046 	 0.4208 	 0.6515 	 0.4101
[2021/11/08 16:23:49] - 23 	 0.1000 	 0.7127 	 0.4228 	 0.7063 	 0.4601
[2021/11/08 16:30:38] - 24 	 0.1000 	 0.7187 	 0.4259 	 0.7166 	 0.4535
[2021/11/08 16:38:26] - 25 	 0.1000 	 0.7218 	 0.4308 	 0.6999 	 0.4528
[2021/11/08 16:46:41] - 26 	 0.1000 	 0.7269 	 0.4325 	 0.6998 	 0.4616
[2021/11/08 16:55:56] - 27 	 0.1000 	 0.7292 	 0.4348 	 0.6893 	 0.4704
[2021/11/08 17:02:42] - 28 	 0.1000 	 0.7358 	 0.4404 	 0.7062 	 0.4699
[2021/11/08 17:09:31] - 29 	 0.1000 	 0.7342 	 0.4404 	 0.7444 	 0.4787
[2021/11/08 17:16:17] - 30 	 0.1000 	 0.7462 	 0.4442 	 0.7009 	 0.4653
[2021/11/08 17:23:05] - 31 	 0.1000 	 0.7463 	 0.4469 	 0.7296 	 0.4591
[2021/11/08 17:29:53] - 32 	 0.1000 	 0.7496 	 0.4482 	 0.7287 	 0.4813
[2021/11/08 17:40:13] - 33 	 0.1000 	 0.7518 	 0.4489 	 0.7261 	 0.4885
[2021/11/08 17:53:14] - 34 	 0.1000 	 0.7525 	 0.4500 	 0.7299 	 0.4711
[2021/11/08 18:00:00] - 35 	 0.1000 	 0.7590 	 0.4538 	 0.7482 	 0.5023
[2021/11/08 18:06:48] - 36 	 0.1000 	 0.7589 	 0.4563 	 0.7387 	 0.4878
[2021/11/08 18:54:17] - 37 	 0.1000 	 0.7612 	 0.4570 	 0.7368 	 0.4796
[2021/11/08 19:01:04] - 38 	 0.1000 	 0.7683 	 0.4590 	 0.7354 	 0.4799
[2021/11/08 19:07:50] - 39 	 0.1000 	 0.7698 	 0.4616 	 0.7263 	 0.4883
[2021/11/08 19:14:36] - 40 	 0.1000 	 0.7686 	 0.4625 	 0.6987 	 0.4788
[2021/11/08 19:21:23] - 41 	 0.1000 	 0.7735 	 0.4659 	 0.7411 	 0.4914
[2021/11/08 19:28:10] - 42 	 0.1000 	 0.7742 	 0.4663 	 0.7457 	 0.4957
[2021/11/08 19:34:56] - 43 	 0.1000 	 0.7757 	 0.4668 	 0.7278 	 0.4785
[2021/11/08 19:41:43] - 44 	 0.1000 	 0.7781 	 0.4705 	 0.7415 	 0.4788
[2021/11/08 19:48:30] - 45 	 0.1000 	 0.7848 	 0.4723 	 0.7574 	 0.4788
[2021/11/08 19:55:16] - 46 	 0.1000 	 0.7831 	 0.4736 	 0.7565 	 0.4974
[2021/11/08 20:02:04] - 47 	 0.1000 	 0.7840 	 0.4727 	 0.7508 	 0.4932
[2021/11/08 20:08:49] - 48 	 0.1000 	 0.7870 	 0.4761 	 0.7340 	 0.4619
[2021/11/08 20:15:37] - 49 	 0.1000 	 0.7891 	 0.4740 	 0.7749 	 0.4986
[2021/11/08 20:22:23] - 50 	 0.1000 	 0.7909 	 0.4777 	 0.7702 	 0.4935
[2021/11/08 20:29:09] - 51 	 0.1000 	 0.7927 	 0.4785 	 0.7528 	 0.4912
[2021/11/08 20:35:58] - 52 	 0.1000 	 0.7953 	 0.4774 	 0.7533 	 0.4976
[2021/11/08 20:42:45] - 53 	 0.1000 	 0.7938 	 0.4810 	 0.7511 	 0.5078
[2021/11/08 20:49:33] - 54 	 0.1000 	 0.7978 	 0.4833 	 0.7683 	 0.5040
[2021/11/08 20:56:20] - 55 	 0.1000 	 0.7968 	 0.4823 	 0.7857 	 0.5068
[2021/11/08 21:03:07] - 56 	 0.1000 	 0.8039 	 0.4860 	 0.7380 	 0.4939
[2021/11/08 21:09:55] - 57 	 0.1000 	 0.8025 	 0.4867 	 0.7705 	 0.4858
[2021/11/08 21:16:42] - 58 	 0.1000 	 0.8040 	 0.4846 	 0.7756 	 0.5091
[2021/11/08 21:23:31] - 59 	 0.1000 	 0.8051 	 0.4846 	 0.7625 	 0.5108
[2021/11/08 21:30:18] - 60 	 0.1000 	 0.8038 	 0.4858 	 0.7728 	 0.4898
[2021/11/08 21:37:06] - 61 	 0.1000 	 0.8072 	 0.4873 	 0.7735 	 0.5200
[2021/11/08 21:43:51] - 62 	 0.1000 	 0.8054 	 0.4898 	 0.7670 	 0.5103
[2021/11/08 21:50:38] - 63 	 0.1000 	 0.8042 	 0.4860 	 0.7772 	 0.5222
[2021/11/08 21:57:25] - 64 	 0.1000 	 0.8057 	 0.4894 	 0.7514 	 0.4871
[2021/11/08 22:04:12] - 65 	 0.1000 	 0.8139 	 0.4878 	 0.7741 	 0.5071
[2021/11/08 22:10:59] - 66 	 0.1000 	 0.8117 	 0.4920 	 0.7798 	 0.5020
[2021/11/08 22:17:45] - 67 	 0.1000 	 0.8112 	 0.4950 	 0.7451 	 0.4960
[2021/11/08 22:24:32] - 68 	 0.1000 	 0.8128 	 0.4928 	 0.7783 	 0.5135
[2021/11/08 22:31:19] - 69 	 0.1000 	 0.8131 	 0.4934 	 0.7781 	 0.5091
[2021/11/08 22:38:05] - 70 	 0.1000 	 0.8139 	 0.4950 	 0.7675 	 0.5049
[2021/11/08 22:44:52] - 71 	 0.1000 	 0.8180 	 0.4953 	 0.7552 	 0.5128
[2021/11/08 22:51:38] - 72 	 0.1000 	 0.8164 	 0.4943 	 0.7470 	 0.4939
[2021/11/08 22:58:26] - 73 	 0.1000 	 0.8189 	 0.5012 	 0.7543 	 0.5061
[2021/11/08 23:05:12] - 74 	 0.1000 	 0.8224 	 0.4985 	 0.7759 	 0.5001
[2021/11/08 23:12:00] - 75 	 0.0100 	 0.8451 	 0.5401 	 0.8057 	 0.5371
[2021/11/08 23:18:48] - 76 	 0.0100 	 0.8556 	 0.5504 	 0.8136 	 0.5463
[2021/11/08 23:25:34] - 77 	 0.0100 	 0.8586 	 0.5574 	 0.8228 	 0.5435
[2021/11/08 23:32:22] - 78 	 0.0100 	 0.8626 	 0.5617 	 0.8151 	 0.5434
[2021/11/08 23:39:08] - 79 	 0.0100 	 0.8648 	 0.5615 	 0.8204 	 0.5469
[2021/11/08 23:45:54] - 80 	 0.0100 	 0.8664 	 0.5635 	 0.8249 	 0.5440
[2021/11/08 23:52:42] - 81 	 0.0100 	 0.8693 	 0.5660 	 0.8214 	 0.5455
[2021/11/08 23:59:29] - 82 	 0.0100 	 0.8705 	 0.5687 	 0.8252 	 0.5429
[2021/11/09 00:06:15] - 83 	 0.0100 	 0.8708 	 0.5709 	 0.8242 	 0.5424
[2021/11/09 00:13:03] - 84 	 0.0100 	 0.8735 	 0.5732 	 0.8241 	 0.5466
[2021/11/09 00:19:49] - 85 	 0.0100 	 0.8754 	 0.5732 	 0.8272 	 0.5487
[2021/11/09 00:26:36] - 86 	 0.0100 	 0.8756 	 0.5753 	 0.8294 	 0.5440
[2021/11/09 00:33:22] - 87 	 0.0100 	 0.8760 	 0.5761 	 0.8250 	 0.5485
[2021/11/09 00:40:10] - 88 	 0.0100 	 0.8785 	 0.5776 	 0.8278 	 0.5473
[2021/11/09 00:46:55] - 89 	 0.0100 	 0.8796 	 0.5813 	 0.8283 	 0.5470
[2021/11/09 00:53:42] - 90 	 0.0010 	 0.8830 	 0.5898 	 0.8361 	 0.5470
[2021/11/09 01:00:29] - 91 	 0.0010 	 0.8856 	 0.5895 	 0.8346 	 0.5476
[2021/11/09 01:07:15] - 92 	 0.0010 	 0.8865 	 0.5905 	 0.8367 	 0.5512
[2021/11/09 01:14:02] - 93 	 0.0010 	 0.8867 	 0.5907 	 0.8360 	 0.5452
[2021/11/09 01:20:50] - 94 	 0.0010 	 0.8874 	 0.5903 	 0.8328 	 0.5493
[2021/11/09 01:27:36] - 95 	 0.0010 	 0.8875 	 0.5912 	 0.8346 	 0.5464
[2021/11/09 01:34:23] - 96 	 0.0010 	 0.8870 	 0.5931 	 0.8360 	 0.5472
[2021/11/09 01:41:11] - 97 	 0.0010 	 0.8875 	 0.5934 	 0.8310 	 0.5502
[2021/11/09 01:47:58] - 98 	 0.0010 	 0.8872 	 0.5927 	 0.8320 	 0.5525
[2021/11/09 01:54:45] - 99 	 0.0010 	 0.8874 	 0.5930 	 0.8374 	 0.5459
[2021/11/09 02:01:32] - 100 	 0.0010 	 0.8875 	 0.5929 	 0.8350 	 0.5470

